{"D:\\project_team077\\src\\controller\\InsightFacade.ts":{"path":"D:\\project_team077\\src\\controller\\InsightFacade.ts","statementMap":{"0":{"start":{"line":2,"column":22},"end":{"line":4,"column":1}},"1":{"start":{"line":3,"column":4},"end":{"line":3,"column":62}},"2":{"start":{"line":5,"column":0},"end":{"line":5,"column":62}},"3":{"start":{"line":6,"column":25},"end":{"line":6,"column":52}},"4":{"start":{"line":7,"column":16},"end":{"line":7,"column":49}},"5":{"start":{"line":8,"column":19},"end":{"line":8,"column":55}},"6":{"start":{"line":9,"column":22},"end":{"line":9,"column":46}},"7":{"start":{"line":10,"column":16},"end":{"line":10,"column":34}},"8":{"start":{"line":11,"column":22},"end":{"line":11,"column":46}},"9":{"start":{"line":12,"column":21},"end":{"line":12,"column":44}},"10":{"start":{"line":13,"column":24},"end":{"line":13,"column":50}},"11":{"start":{"line":16,"column":20},"end":{"line":16,"column":41}},"12":{"start":{"line":17,"column":23},"end":{"line":17,"column":25}},"13":{"start":{"line":18,"column":23},"end":{"line":18,"column":62}},"14":{"start":{"line":19,"column":8},"end":{"line":21,"column":9}},"15":{"start":{"line":20,"column":12},"end":{"line":20,"column":83}},"16":{"start":{"line":22,"column":8},"end":{"line":24,"column":9}},"17":{"start":{"line":23,"column":12},"end":{"line":23,"column":85}},"18":{"start":{"line":25,"column":8},"end":{"line":39,"column":9}},"19":{"start":{"line":26,"column":24},"end":{"line":26,"column":72}},"20":{"start":{"line":27,"column":12},"end":{"line":32,"column":13}},"21":{"start":{"line":28,"column":16},"end":{"line":28,"column":78}},"22":{"start":{"line":30,"column":17},"end":{"line":32,"column":13}},"23":{"start":{"line":31,"column":16},"end":{"line":31,"column":72}},"24":{"start":{"line":33,"column":25},"end":{"line":33,"column":67}},"25":{"start":{"line":34,"column":12},"end":{"line":34,"column":68}},"26":{"start":{"line":35,"column":12},"end":{"line":35,"column":43}},"27":{"start":{"line":38,"column":12},"end":{"line":38,"column":99}},"28":{"start":{"line":42,"column":21},"end":{"line":42,"column":23}},"29":{"start":{"line":43,"column":8},"end":{"line":43,"column":35}},"30":{"start":{"line":44,"column":8},"end":{"line":46,"column":9}},"31":{"start":{"line":45,"column":12},"end":{"line":45,"column":29}},"32":{"start":{"line":47,"column":8},"end":{"line":47,"column":22}},"33":{"start":{"line":50,"column":8},"end":{"line":55,"column":9}},"34":{"start":{"line":51,"column":12},"end":{"line":51,"column":24}},"35":{"start":{"line":54,"column":12},"end":{"line":54,"column":25}},"36":{"start":{"line":58,"column":23},"end":{"line":58,"column":62}},"37":{"start":{"line":59,"column":8},"end":{"line":73,"column":9}},"38":{"start":{"line":60,"column":12},"end":{"line":62,"column":13}},"39":{"start":{"line":61,"column":16},"end":{"line":61,"column":87}},"40":{"start":{"line":63,"column":12},"end":{"line":65,"column":13}},"41":{"start":{"line":64,"column":16},"end":{"line":64,"column":112}},"42":{"start":{"line":66,"column":12},"end":{"line":66,"column":32}},"43":{"start":{"line":67,"column":12},"end":{"line":67,"column":70}},"44":{"start":{"line":68,"column":12},"end":{"line":68,"column":39}},"45":{"start":{"line":71,"column":12},"end":{"line":71,"column":29}},"46":{"start":{"line":72,"column":12},"end":{"line":72,"column":91}},"47":{"start":{"line":76,"column":8},"end":{"line":82,"column":9}},"48":{"start":{"line":77,"column":31},"end":{"line":77,"column":52}},"49":{"start":{"line":78,"column":32},"end":{"line":78,"column":54}},"50":{"start":{"line":81,"column":12},"end":{"line":81,"column":71}},"51":{"start":{"line":83,"column":25},"end":{"line":83,"column":46}},"52":{"start":{"line":84,"column":21},"end":{"line":84,"column":43}},"53":{"start":{"line":85,"column":26},"end":{"line":85,"column":45}},"54":{"start":{"line":86,"column":21},"end":{"line":86,"column":41}},"55":{"start":{"line":87,"column":24},"end":{"line":87,"column":83}},"56":{"start":{"line":88,"column":8},"end":{"line":90,"column":9}},"57":{"start":{"line":89,"column":12},"end":{"line":89,"column":85}},"58":{"start":{"line":91,"column":8},"end":{"line":93,"column":9}},"59":{"start":{"line":92,"column":12},"end":{"line":92,"column":90}},"60":{"start":{"line":94,"column":8},"end":{"line":96,"column":9}},"61":{"start":{"line":95,"column":12},"end":{"line":95,"column":103}},"62":{"start":{"line":97,"column":8},"end":{"line":97,"column":46}},"63":{"start":{"line":98,"column":23},"end":{"line":98,"column":62}},"64":{"start":{"line":99,"column":22},"end":{"line":99,"column":70}},"65":{"start":{"line":100,"column":8},"end":{"line":102,"column":9}},"66":{"start":{"line":101,"column":12},"end":{"line":101,"column":88}},"67":{"start":{"line":103,"column":21},"end":{"line":103,"column":23}},"68":{"start":{"line":104,"column":8},"end":{"line":114,"column":9}},"69":{"start":{"line":105,"column":12},"end":{"line":105,"column":81}},"70":{"start":{"line":108,"column":12},"end":{"line":113,"column":13}},"71":{"start":{"line":109,"column":16},"end":{"line":109,"column":41}},"72":{"start":{"line":112,"column":16},"end":{"line":112,"column":90}},"73":{"start":{"line":115,"column":8},"end":{"line":115,"column":58}},"74":{"start":{"line":116,"column":22},"end":{"line":116,"column":24}},"75":{"start":{"line":117,"column":8},"end":{"line":117,"column":75}},"76":{"start":{"line":118,"column":8},"end":{"line":118,"column":63}},"77":{"start":{"line":119,"column":8},"end":{"line":124,"column":9}},"78":{"start":{"line":120,"column":12},"end":{"line":120,"column":97}},"79":{"start":{"line":123,"column":12},"end":{"line":123,"column":43}},"80":{"start":{"line":127,"column":21},"end":{"line":127,"column":23}},"81":{"start":{"line":128,"column":23},"end":{"line":128,"column":62}},"82":{"start":{"line":129,"column":19},"end":{"line":129,"column":41}},"83":{"start":{"line":130,"column":8},"end":{"line":138,"column":9}},"84":{"start":{"line":131,"column":26},"end":{"line":131,"column":55}},"85":{"start":{"line":132,"column":28},"end":{"line":136,"column":13}},"86":{"start":{"line":137,"column":12},"end":{"line":137,"column":33}},"87":{"start":{"line":139,"column":8},"end":{"line":139,"column":39}},"88":{"start":{"line":142,"column":8},"end":{"line":149,"column":9}},"89":{"start":{"line":143,"column":12},"end":{"line":148,"column":13}},"90":{"start":{"line":144,"column":16},"end":{"line":144,"column":65}},"91":{"start":{"line":146,"column":17},"end":{"line":148,"column":13}},"92":{"start":{"line":147,"column":16},"end":{"line":147,"column":68}},"93":{"start":{"line":150,"column":8},"end":{"line":150,"column":57}},"94":{"start":{"line":153,"column":0},"end":{"line":153,"column":32}}},"fnMap":{"0":{"name":"(anonymous_0)","decl":{"start":{"line":2,"column":56},"end":{"line":2,"column":57}},"loc":{"start":{"line":2,"column":71},"end":{"line":4,"column":1}},"line":2},"1":{"name":"(anonymous_1)","decl":{"start":{"line":15,"column":4},"end":{"line":15,"column":5}},"loc":{"start":{"line":15,"column":40},"end":{"line":40,"column":5}},"line":15},"2":{"name":"(anonymous_2)","decl":{"start":{"line":41,"column":4},"end":{"line":41,"column":5}},"loc":{"start":{"line":41,"column":42},"end":{"line":48,"column":5}},"line":41},"3":{"name":"(anonymous_3)","decl":{"start":{"line":49,"column":4},"end":{"line":49,"column":5}},"loc":{"start":{"line":49,"column":32},"end":{"line":56,"column":5}},"line":49},"4":{"name":"(anonymous_4)","decl":{"start":{"line":57,"column":4},"end":{"line":57,"column":5}},"loc":{"start":{"line":57,"column":28},"end":{"line":74,"column":5}},"line":57},"5":{"name":"(anonymous_5)","decl":{"start":{"line":75,"column":4},"end":{"line":75,"column":5}},"loc":{"start":{"line":75,"column":30},"end":{"line":125,"column":5}},"line":75},"6":{"name":"(anonymous_6)","decl":{"start":{"line":126,"column":4},"end":{"line":126,"column":5}},"loc":{"start":{"line":126,"column":25},"end":{"line":140,"column":5}},"line":126},"7":{"name":"(anonymous_7)","decl":{"start":{"line":141,"column":4},"end":{"line":141,"column":5}},"loc":{"start":{"line":141,"column":22},"end":{"line":151,"column":5}},"line":141}},"branchMap":{"0":{"loc":{"start":{"line":2,"column":22},"end":{"line":4,"column":1}},"type":"binary-expr","locations":[{"start":{"line":2,"column":23},"end":{"line":2,"column":27}},{"start":{"line":2,"column":31},"end":{"line":2,"column":51}},{"start":{"line":2,"column":56},"end":{"line":4,"column":1}}],"line":2},"1":{"loc":{"start":{"line":3,"column":11},"end":{"line":3,"column":61}},"type":"cond-expr","locations":[{"start":{"line":3,"column":37},"end":{"line":3,"column":40}},{"start":{"line":3,"column":43},"end":{"line":3,"column":61}}],"line":3},"2":{"loc":{"start":{"line":3,"column":12},"end":{"line":3,"column":33}},"type":"binary-expr","locations":[{"start":{"line":3,"column":12},"end":{"line":3,"column":15}},{"start":{"line":3,"column":19},"end":{"line":3,"column":33}}],"line":3},"3":{"loc":{"start":{"line":19,"column":8},"end":{"line":21,"column":9}},"type":"if","locations":[{"start":{"line":19,"column":8},"end":{"line":21,"column":9}},{"start":{"line":19,"column":8},"end":{"line":21,"column":9}}],"line":19},"4":{"loc":{"start":{"line":19,"column":12},"end":{"line":19,"column":92}},"type":"binary-expr","locations":[{"start":{"line":19,"column":12},"end":{"line":19,"column":28}},{"start":{"line":19,"column":33},"end":{"line":19,"column":55}},{"start":{"line":19,"column":60},"end":{"line":19,"column":92}}],"line":19},"5":{"loc":{"start":{"line":22,"column":8},"end":{"line":24,"column":9}},"type":"if","locations":[{"start":{"line":22,"column":8},"end":{"line":24,"column":9}},{"start":{"line":22,"column":8},"end":{"line":24,"column":9}}],"line":22},"6":{"loc":{"start":{"line":22,"column":12},"end":{"line":22,"column":51}},"type":"binary-expr","locations":[{"start":{"line":22,"column":12},"end":{"line":22,"column":31}},{"start":{"line":22,"column":35},"end":{"line":22,"column":51}}],"line":22},"7":{"loc":{"start":{"line":27,"column":12},"end":{"line":32,"column":13}},"type":"if","locations":[{"start":{"line":27,"column":12},"end":{"line":32,"column":13}},{"start":{"line":27,"column":12},"end":{"line":32,"column":13}}],"line":27},"8":{"loc":{"start":{"line":30,"column":17},"end":{"line":32,"column":13}},"type":"if","locations":[{"start":{"line":30,"column":17},"end":{"line":32,"column":13}},{"start":{"line":30,"column":17},"end":{"line":32,"column":13}}],"line":30},"9":{"loc":{"start":{"line":50,"column":8},"end":{"line":55,"column":9}},"type":"if","locations":[{"start":{"line":50,"column":8},"end":{"line":55,"column":9}},{"start":{"line":50,"column":8},"end":{"line":55,"column":9}}],"line":50},"10":{"loc":{"start":{"line":60,"column":12},"end":{"line":62,"column":13}},"type":"if","locations":[{"start":{"line":60,"column":12},"end":{"line":62,"column":13}},{"start":{"line":60,"column":12},"end":{"line":62,"column":13}}],"line":60},"11":{"loc":{"start":{"line":60,"column":16},"end":{"line":60,"column":55}},"type":"binary-expr","locations":[{"start":{"line":60,"column":16},"end":{"line":60,"column":32}},{"start":{"line":60,"column":37},"end":{"line":60,"column":54}}],"line":60},"12":{"loc":{"start":{"line":63,"column":12},"end":{"line":65,"column":13}},"type":"if","locations":[{"start":{"line":63,"column":12},"end":{"line":65,"column":13}},{"start":{"line":63,"column":12},"end":{"line":65,"column":13}}],"line":63},"13":{"loc":{"start":{"line":88,"column":8},"end":{"line":90,"column":9}},"type":"if","locations":[{"start":{"line":88,"column":8},"end":{"line":90,"column":9}},{"start":{"line":88,"column":8},"end":{"line":90,"column":9}}],"line":88},"14":{"loc":{"start":{"line":91,"column":8},"end":{"line":93,"column":9}},"type":"if","locations":[{"start":{"line":91,"column":8},"end":{"line":93,"column":9}},{"start":{"line":91,"column":8},"end":{"line":93,"column":9}}],"line":91},"15":{"loc":{"start":{"line":94,"column":8},"end":{"line":96,"column":9}},"type":"if","locations":[{"start":{"line":94,"column":8},"end":{"line":96,"column":9}},{"start":{"line":94,"column":8},"end":{"line":96,"column":9}}],"line":94},"16":{"loc":{"start":{"line":100,"column":8},"end":{"line":102,"column":9}},"type":"if","locations":[{"start":{"line":100,"column":8},"end":{"line":102,"column":9}},{"start":{"line":100,"column":8},"end":{"line":102,"column":9}}],"line":100},"17":{"loc":{"start":{"line":108,"column":12},"end":{"line":113,"column":13}},"type":"if","locations":[{"start":{"line":108,"column":12},"end":{"line":113,"column":13}},{"start":{"line":108,"column":12},"end":{"line":113,"column":13}}],"line":108},"18":{"loc":{"start":{"line":119,"column":8},"end":{"line":124,"column":9}},"type":"if","locations":[{"start":{"line":119,"column":8},"end":{"line":124,"column":9}},{"start":{"line":119,"column":8},"end":{"line":124,"column":9}}],"line":119},"19":{"loc":{"start":{"line":131,"column":26},"end":{"line":131,"column":55}},"type":"binary-expr","locations":[{"start":{"line":131,"column":26},"end":{"line":131,"column":50}},{"start":{"line":131,"column":54},"end":{"line":131,"column":55}}],"line":131},"20":{"loc":{"start":{"line":143,"column":12},"end":{"line":148,"column":13}},"type":"if","locations":[{"start":{"line":143,"column":12},"end":{"line":148,"column":13}},{"start":{"line":143,"column":12},"end":{"line":148,"column":13}}],"line":143},"21":{"loc":{"start":{"line":143,"column":16},"end":{"line":143,"column":59}},"type":"binary-expr","locations":[{"start":{"line":143,"column":16},"end":{"line":143,"column":33}},{"start":{"line":143,"column":37},"end":{"line":143,"column":59}}],"line":143},"22":{"loc":{"start":{"line":146,"column":17},"end":{"line":148,"column":13}},"type":"if","locations":[{"start":{"line":146,"column":17},"end":{"line":148,"column":13}},{"start":{"line":146,"column":17},"end":{"line":148,"column":13}}],"line":146}},"s":{"0":1,"1":2,"2":1,"3":1,"4":1,"5":1,"6":1,"7":1,"8":1,"9":1,"10":1,"11":40,"12":40,"13":40,"14":40,"15":4,"16":36,"17":0,"18":36,"19":36,"20":35,"21":21,"22":14,"23":14,"24":28,"25":28,"26":28,"27":8,"28":28,"29":28,"30":28,"31":39,"32":28,"33":37,"34":1,"35":36,"36":7,"37":7,"38":7,"39":3,"40":4,"41":1,"42":3,"43":3,"44":3,"45":0,"46":0,"47":53,"48":53,"49":53,"50":0,"51":53,"52":53,"53":53,"54":53,"55":53,"56":53,"57":24,"58":29,"59":1,"60":28,"61":0,"62":28,"63":28,"64":28,"65":28,"66":1,"67":27,"68":27,"69":27,"70":2,"71":2,"72":0,"73":25,"74":25,"75":25,"76":25,"77":25,"78":0,"79":25,"80":6,"81":6,"82":6,"83":6,"84":9,"85":9,"86":9,"87":6,"88":6,"89":7,"90":0,"91":7,"92":4,"93":2,"94":1},"f":{"0":2,"1":40,"2":28,"3":37,"4":7,"5":53,"6":6,"7":6},"b":{"0":[1,1,1],"1":[0,2],"2":[2,2],"3":[4,36],"4":[40,39,37],"5":[0,36],"6":[36,14],"7":[21,14],"8":[14,0],"9":[1,36],"10":[3,4],"11":[7,6],"12":[1,3],"13":[24,29],"14":[1,28],"15":[0,28],"16":[1,27],"17":[2,0],"18":[0,25],"19":[9,0],"20":[0,7],"21":[7,7],"22":[4,3]},"inputSourceMap":{"version":3,"file":"D:/project_team077/src/controller/InsightFacade.ts","sources":["D:/project_team077/src/controller/InsightFacade.ts"],"names":[],"mappings":";;;;;AAAA,qDAQ0B;AAC1B,kDAA0B;AAE1B,wDAA0B;AAC1B,+CAAuD;AAEvD,mCAC+C;AAK/C,+CAAoF;AAEpF,6CAA0C;AAC1C,mDAAgD;AAUhD,MAAqB,aAAa;IAW1B,KAAK,CAAC,UAAU,CAAC,EAAU,EAAE,OAAe,EAAE,IAAwB;QAC5E,IAAI,KAAK,GAAG,IAAI,eAAK,EAAE,CAAC;QACxB,IAAI,QAAQ,GAAyB,EAAE,CAAC;QACxC,IAAI,QAAQ,GAAG,MAAM,IAAA,0BAAY,GAAE,CAAC;QAKpC,IAAI,EAAE,CAAC,QAAQ,CAAC,GAAG,CAAC,IAAI,CAAC,EAAE,CAAC,IAAI,EAAE,CAAC,MAAM,KAAK,CAAC,CAAC,IAAI,IAAI,CAAC,aAAa,CAAC,EAAE,EAAE,QAAQ,CAAC,EAAE;YACrF,OAAO,OAAO,CAAC,MAAM,CAAC,IAAI,6BAAY,CAAC,YAAY,CAAC,CAAC,CAAC;SACtD;QAGD,IAAI,IAAI,KAAK,UAAU,IAAI,IAAI,KAAK,OAAO,EAAE;YAC5C,OAAO,OAAO,CAAC,MAAM,CAAC,IAAI,6BAAY,CAAC,cAAc,CAAC,CAAC,CAAC;SACxD;QAGD,IAAI;YACH,MAAM,GAAG,GAAG,MAAM,KAAK,CAAC,SAAS,CAAC,OAAO,EAAE,EAAC,MAAM,EAAE,IAAI,EAAC,CAAC,CAAC;YAC3D,IAAI,IAAI,KAAK,UAAU,EAAE;gBACxB,MAAM,IAAA,+BAAe,EAAC,EAAE,EAAE,GAAG,EAAE,QAAQ,CAAC,CAAC;aACzC;iBAAM,IAAI,IAAI,KAAK,OAAO,EAAE;gBAC5B,MAAM,IAAA,yBAAY,EAAC,EAAE,EAAE,GAAG,EAAE,QAAQ,CAAC,CAAC;aACtC;YAKD,IAAI,MAAM,GAAG,IAAI,CAAC,aAAa,CAAC,EAAE,EAAE,QAAQ,EAAE,QAAQ,CAAC,CAAC;YACxD,MAAM,IAAA,wBAAU,EAAC,EAAE,EAAE,QAAQ,EAAE,IAAI,CAAC,CAAC;YACrC,OAAO,OAAO,CAAC,OAAO,CAAC,MAAM,CAAC,CAAC;SAE/B;QAAC,OAAO,GAAG,EAAE;YACb,OAAO,OAAO,CAAC,MAAM,CAAC,IAAI,6BAAY,CAAC,sBAAsB,GAAG,GAAG,CAAC,CAAC,CAAC;SACtE;IAEF,CAAC;IAIO,aAAa,CAAC,EAAU,EAAE,QAA8B,EAAE,QAA2C;QAC5G,IAAI,MAAM,GAAa,EAAE,CAAC;QAC1B,QAAQ,CAAC,GAAG,CAAC,EAAE,EAAE,QAAQ,CAAC,CAAC;QAC3B,KAAK,IAAI,GAAG,IAAI,QAAQ,CAAC,IAAI,EAAE,EAAE;YAChC,MAAM,CAAC,IAAI,CAAC,GAAG,CAAC,CAAC;SACjB;QACD,OAAO,MAAM,CAAC;IACf,CAAC;IAEO,aAAa,CAAC,EAAU,EAAE,QAA2C;QAE5E,IAAI,QAAQ,CAAC,GAAG,CAAC,EAAE,CAAC,KAAK,SAAS,EAAE;YACnC,OAAO,IAAI,CAAC;SACZ;aAAM;YACN,OAAO,KAAK,CAAC;SACb;IACF,CAAC;IAMM,KAAK,CAAC,aAAa,CAAC,EAAU;QACpC,IAAI,QAAQ,GAAG,MAAM,IAAA,0BAAY,GAAE,CAAC;QACpC,IAAI;YACH,IAAI,EAAE,CAAC,QAAQ,CAAC,GAAG,CAAC,IAAI,CAAC,CAAC,EAAE,CAAC,IAAI,EAAE,CAAC,MAAM,CAAC,EAAE;gBAC5C,OAAO,OAAO,CAAC,MAAM,CAAC,IAAI,6BAAY,CAAC,YAAY,CAAC,CAAC,CAAC;aACtD;YACD,IAAI,QAAQ,CAAC,GAAG,CAAC,EAAE,CAAC,KAAK,SAAS,EAAE;gBACnC,OAAO,OAAO,CAAC,MAAM,CAAC,IAAI,8BAAa,CAAC,oCAAoC,CAAC,CAAC,CAAC;aAC/E;YAED,QAAQ,CAAC,MAAM,CAAC,EAAE,CAAC,CAAC;YAEpB,MAAM,kBAAE,CAAC,MAAM,CAAC,SAAS,GAAG,EAAE,GAAG,OAAO,CAAC,CAAC;YAC1C,OAAO,OAAO,CAAC,OAAO,CAAC,EAAE,CAAC,CAAC;SAC3B;QAAC,OAAO,GAAG,EAAE;YACb,OAAO,CAAC,GAAG,CAAC,GAAG,CAAC,CAAC;YACjB,OAAO,OAAO,CAAC,MAAM,CAAC,IAAI,6BAAY,CAAC,cAAc,GAAG,GAAG,CAAC,CAAC,CAAC;SAC9D;IACF,CAAC;IAEM,KAAK,CAAC,YAAY,CAAC,KAAc;QACvC,IAAI;YACH,MAAM,UAAU,GAAW,IAAI,CAAC,SAAS,CAAC,KAAK,CAAC,CAAC;YACjD,MAAM,WAAW,GAAG,IAAI,CAAC,KAAK,CAAC,UAAU,CAAC,CAAC;SAC3C;QAAC,OAAO,KAAK,EAAE;YACf,OAAO,OAAO,CAAC,MAAM,CAAC,IAAI,6BAAY,EAAE,CAAC,CAAC;SAC1C;QACD,IAAI,UAAU,GAAW,IAAI,CAAC,SAAS,CAAC,KAAK,CAAC,CAAC;QAC/C,IAAI,MAAM,GAAQ,IAAI,CAAC,KAAK,CAAC,UAAU,CAAC,CAAC;QACzC,IAAI,WAAW,GAAG,IAAI,aAAK,EAAE,CAAC;QAC9B,IAAI,MAAM,GAAG,IAAI,cAAM,EAAE,CAAC;QAC1B,MAAM,OAAO,GAAG,MAAM,WAAW,CAAC,YAAY,CAAC,WAAW,EAAE,MAAM,EAAE,MAAM,CAAC,CAAC;QAC5E,IAAI,CAAC,OAAO,EAAE;YACb,OAAO,OAAO,CAAC,MAAM,CAAC,IAAI,6BAAY,CAAC,cAAc,CAAC,CAAC,CAAC;SACxD;QACD,IAAI,CAAC,cAAM,CAAC,gBAAgB,CAAC,MAAM,CAAC,EAAE;YACrC,OAAO,OAAO,CAAC,MAAM,CAAC,IAAI,6BAAY,CAAC,mBAAmB,CAAC,CAAC,CAAC;SAC7D;QACD,IAAI,CAAC,cAAM,CAAC,uBAAuB,CAAC,MAAM,CAAC,EAAE;YAC5C,OAAO,OAAO,CAAC,MAAM,CAAC,IAAI,6BAAY,CAAC,gCAAgC,CAAC,CAAC,CAAC;SAC1E;QACD,cAAM,CAAC,cAAc,CAAC,MAAM,CAAC,CAAC;QAC9B,IAAI,QAAQ,GAAG,MAAM,IAAA,0BAAY,GAAE,CAAC;QACpC,IAAI,OAAO,GAAG,IAAA,yBAAW,EAAC,MAAM,EAAE,QAAQ,CAAC,CAAC;QAC5C,IAAI,OAAO,KAAK,SAAS,EAAE;YAC1B,OAAO,OAAO,CAAC,MAAM,CAAC,IAAI,6BAAY,CAAC,iBAAiB,CAAC,CAAC,CAAC;SAC3D;QACD,IAAI,MAAM,GAAoB,EAAE,CAAC;QACjC,IAAI;YACH,MAAM,GAAG,IAAA,oBAAY,EAAC,MAAM,CAAC,KAAK,EAAE,MAAM,EAAE,OAAO,EAAE,CAAC,CAAC,CAAC;SACxD;QAAC,OAAO,CAAC,EAAE;YACX,IAAI,CAAC,YAAY,oCAAmB,EAAE;gBACrC,OAAO,OAAO,CAAC,MAAM,CAAC,CAAC,CAAC,CAAC;aACzB;iBAAM;gBACN,OAAO,OAAO,CAAC,MAAM,CAAC,IAAI,6BAAY,CAAC,eAAe,CAAC,CAAC,CAAC;aACzD;SACD;QAED,MAAM,GAAG,IAAA,2BAAa,EAAC,MAAM,CAAC,CAAC;QAC/B,IAAI,OAAO,GAAsB,EAAE,CAAC;QACpC,MAAM,GAAG,IAAA,2BAAa,EAAC,MAAM,EAAC,OAAO,EAAC,MAAM,CAAC,CAAC;QAE9C,MAAM,GAAG,IAAA,wBAAU,EAAC,MAAM,EAAE,MAAM,CAAC,CAAC;QACpC,IAAI,MAAM,CAAC,MAAM,GAAG,IAAI,EAAE;YACzB,OAAO,OAAO,CAAC,MAAM,CAAC,IAAI,oCAAmB,CAAC,mBAAmB,CAAC,CAAC,CAAC;SACpE;aAAM;YACN,OAAO,OAAO,CAAC,OAAO,CAAC,MAAM,CAAC,CAAC;SAC/B;IACF,CAAC;IAOM,KAAK,CAAC,YAAY;QACxB,IAAI,MAAM,GAAqB,EAAE,CAAC;QAClC,IAAI,QAAQ,GAAsC,MAAM,IAAA,0BAAY,GAAE,CAAC;QAIvE,IAAI,IAAI,GAAG,IAAI,CAAC,OAAO,CAAC,QAAQ,CAAC,CAAC;QAElC,KAAK,IAAI,EAAE,IAAI,QAAQ,CAAC,IAAI,EAAE,EAAE;YAC/B,IAAI,OAAO,GAAG,QAAQ,CAAC,GAAG,CAAC,EAAE,CAAC,EAAE,MAAM,IAAI,CAAC,CAAC;YAC5C,MAAM,OAAO,GAAmB;gBAC/B,EAAE,EAAE,EAAE;gBACN,IAAI,EAAE,IAAI;gBACV,OAAO,EAAE,OAAO;aAChB,CAAC;YACF,MAAM,CAAC,IAAI,CAAC,OAAO,CAAC,CAAC;SACrB;QAGD,OAAO,OAAO,CAAC,OAAO,CAAC,MAAM,CAAC,CAAC;IAChC,CAAC;IAEO,OAAO,CAAC,QAA2C;QAC1D,KAAK,IAAI,KAAK,IAAI,QAAQ,CAAC,MAAM,EAAE,EAAE;YACpC,IAAI,KAAK,CAAC,CAAC,CAAC,KAAK,IAAI,IAAI,KAAK,CAAC,CAAC,CAAC,KAAK,SAAS,EAAE;gBAChD,OAAO,mCAAkB,CAAC,KAAK,CAAC;aAChC;iBAAM,IAAG,MAAM,IAAI,KAAK,CAAC,CAAC,CAAC,EAAC;gBAC5B,OAAO,mCAAkB,CAAC,QAAQ,CAAC;aACnC;SACD;QACD,OAAO,mCAAkB,CAAC,KAAK,CAAC;IACjC,CAAC;CACD;AArLD,gCAqLC","sourcesContent":["import {\r\n\tIInsightFacade,\r\n\tInsightDataset,\r\n\tInsightDatasetKind,\r\n\tInsightError,\r\n\tInsightResult,\r\n\tNotFoundError,\r\n\tResultTooLargeError\r\n} from \"./IInsightFacade\";\r\nimport JSZip from \"jszip\";\r\nimport {ISection} from \"./ISection\";\r\nimport fs from \"fs-extra\";\r\nimport {loadFromDisk, saveToDisk} from \"./SaveandLoad\";\r\nimport clean = Mocha.utils.clean;\r\nimport {Query, Query2, Filter,\r\n\tLogicComparison, filterResult} from \"./Query\";\r\nimport {SComparison,\r\n\tNegation,\r\n\tEmptyClass,\r\n\tOptions} from \"./Query2\";\r\nimport {findDataset, removeAllUuid, sortResult, groupAndapply} from \"./IsValidJson\";\r\nimport {MComparison} from \"./Query3\";\r\nimport {dealwithRoom} from \"./RoomHelper\";\r\nimport {dealwithSection} from \"./SectionHelper\";\r\nimport {IRoom} from \"./IRoom\";\r\n\r\n\r\n/**\r\n * This is the main programmatic entry point for the project.\r\n * Method documentation is in IInsightFacade\r\n *\r\n */\r\n\r\nexport default class InsightFacade implements IInsightFacade {\r\n\t// Reference: https://www.tutorialspoint.com/handling-promise-rejection-with-a-catch-while-using-await-in-javascript\r\n\t// Reference:https://stackoverflow.com/questions/10261986/how-to-detect-string-which-contains-only-spaces\r\n\t// Reference:https://stuk.github.io/jszip/documentation/api_jszip\r\n\t// Reference:https://github.com/ubccpsc/310/blob/main/resources/readings/cookbooks/async.md#singlePromise\r\n\t// Reference: https://itecnote.com/tecnote/javascript-extracting-zipped-files-using-jszip-in-javascript\r\n\t// Reference: https://www.reddit.com/r/learnjavascript/comments/pn75j2/having_trouble_understanding_promises/\r\n\r\n\t// Should return a Promise fulfill with a string array,containing the ids of all currently added datasets upon a successful add.\r\n\t// OR reject with an InsightError describing the error.\r\n\r\n\tpublic async addDataset(id: string, content: string, kind: InsightDatasetKind): Promise<string[]> {\r\n\t\tlet jsZip = new JSZip();\r\n\t\tlet dataList: ISection[] | IRoom[] = [];\r\n\t\tlet datasets = await loadFromDisk();\r\n\t\t// let isValid;\r\n\r\n\r\n\t\t// Check if ID is valid\r\n\t\tif (id.includes(\"_\") || (id.trim().length === 0) || this.hasDuplicates(id, datasets)) {\r\n\t\t\treturn Promise.reject(new InsightError(\"Invalid id\"));\r\n\t\t}\r\n\r\n\t\t// Check is kind is valid(either sections or rooms)\r\n\t\tif (kind !== \"sections\" && kind !== \"rooms\") {\r\n\t\t\treturn Promise.reject(new InsightError(\"Invalid kind\"));\r\n\t\t}\r\n\r\n\t\t// Check if content is valid\r\n\t\ttry {\r\n\t\t\tconst zip = await jsZip.loadAsync(content, {base64: true});\r\n\t\t\tif (kind === \"sections\") {\r\n\t\t\t\tawait dealwithSection(id, zip, dataList);\r\n\t\t\t} else if (kind === \"rooms\") {\r\n\t\t\t\tawait dealwithRoom(id, zip, dataList);\r\n\t\t\t}\r\n\t\t\t//\r\n\t\t\t// if(!isValid){\r\n\t\t\t// \treturn Promise.reject(new InsightError(\"Rejected with invalid content\"));\r\n\t\t\t// } else {\r\n\t\t\tlet idList = this.addtoDataSets(id, dataList, datasets); // add this dataset to datasets\r\n\t\t\tawait saveToDisk(id, dataList, kind); // Save the newly added dataset to disk\r\n\t\t\treturn Promise.resolve(idList); // return the fulfilled promise\r\n\t\t\t// }\r\n\t\t} catch (err) {\r\n\t\t\treturn Promise.reject(new InsightError(\"Parse - ERROR; err: \" + err));\r\n\t\t}\r\n\r\n\t}\r\n\r\n\t// Create the new Dataset  and add to DataSet List\r\n// The promise should fulfill with a string array, containing the ids of all currently added datasets upon a successful add.\r\n\tprivate addtoDataSets(id: string, dataList: ISection[] | IRoom[], datasets: Map<string, ISection[] | IRoom[]>) {\r\n\t\tlet idList: string[] = [];\r\n\t\tdatasets.set(id, dataList);\r\n\t\tfor (let key of datasets.keys()) {\r\n\t\t\tidList.push(key);\r\n\t\t}\r\n\t\treturn idList;\r\n\t}\r\n\r\n\tprivate hasDuplicates(id: string, datasets: Map<string, ISection[] | IRoom[]>) {\r\n\t\t// IN map,if the specified key exists, then the value is returned. Otherwise, undefined is returned.\r\n\t\tif (datasets.get(id) !== undefined) {\r\n\t\t\treturn true;\r\n\t\t} else {\r\n\t\t\treturn false;\r\n\t\t}\r\n\t}\r\n\r\n\t// The promise should fulfill the id of the dataset that was removed.\r\n\t// The promise should reject with a NotFoundError (if a valid id was not yet added)\r\n\t// or an InsightError (invalid id or any other source of failure) describing the error.\r\n\t// Should also delete from disks and memory caches\r\n\tpublic async removeDataset(id: string): Promise<string> {\r\n\t\tlet datasets = await loadFromDisk();\r\n\t\ttry {\r\n\t\t\tif (id.includes(\"_\") || (!id.trim().length)) {\r\n\t\t\t\treturn Promise.reject(new InsightError(\"Invalid id\"));\r\n\t\t\t}\r\n\t\t\tif (datasets.get(id) === undefined) {\r\n\t\t\t\treturn Promise.reject(new NotFoundError(\"Cannot find the id in our datasets\"));\r\n\t\t\t}\r\n\t\t\t// remove the dataset from datasets\r\n\t\t\tdatasets.delete(id);\r\n\t\t\t// remove the dataset from disk\r\n\t\t\tawait fs.remove(\"./data/\" + id + \".json\");\r\n\t\t\treturn Promise.resolve(id);\r\n\t\t} catch (err) {\r\n\t\t\tconsole.log(err);\r\n\t\t\treturn Promise.reject(new InsightError(\"ERROR; err: \" + err));\r\n\t\t}\r\n\t}\r\n\r\n\tpublic async performQuery(query: unknown): Promise<InsightResult[]> {\r\n\t\ttry {\r\n\t\t\tconst jsonString: string = JSON.stringify(query);\r\n\t\t\tconst parsedQuery = JSON.parse(jsonString);\r\n\t\t} catch (error) {\r\n\t\t\treturn Promise.reject(new InsightError());\r\n\t\t}\r\n\t\tlet jsonString: string = JSON.stringify(query);\r\n\t\tlet parsed: any = JSON.parse(jsonString);\r\n\t\tlet parsedQuery = new Query();\r\n\t\tlet query2 = new Query2();\r\n\t\tconst isValid = await parsedQuery.isValidQuery(parsedQuery, parsed, query2);\r\n\t\tif (!isValid) {\r\n\t\t\treturn Promise.reject(new InsightError(\"InsightError\"));\r\n\t\t}\r\n\t\tif (!Query2.order_in_columns(query2)) {\r\n\t\t\treturn Promise.reject(new InsightError(\"OrderNotInColumns\"));\r\n\t\t}\r\n\t\tif (!Query2.columns_in_groups_apply(query2)) {\r\n\t\t\treturn Promise.reject(new InsightError(\"Columns not in groups or apply\"));\r\n\t\t}\r\n\t\tQuery2.columns_to_col(query2);\r\n\t\tlet datasets = await loadFromDisk();\r\n\t\tlet dataset = findDataset(query2, datasets);\r\n\t\tif (dataset === undefined) {\r\n\t\t\treturn Promise.reject(new InsightError(\"DatasetNotFound\"));\r\n\t\t}\r\n\t\tlet result: InsightResult[] = [];\r\n\t\ttry {\r\n\t\t\tresult = filterResult(parsed.WHERE, query2, dataset, 0);\r\n\t\t} catch (e) {\r\n\t\t\tif (e instanceof ResultTooLargeError) {\r\n\t\t\t\treturn Promise.reject(e);\r\n\t\t\t} else {\r\n\t\t\t\treturn Promise.reject(new InsightError(\"Unkonwn error\"));\r\n\t\t\t}\r\n\t\t}\r\n\t\t// Remove uuid for comparison\r\n\t\tresult = removeAllUuid(result);\r\n\t\tlet result2: InsightResult[][] = [];\r\n\t\tresult = groupAndapply(result,result2,query2);\r\n\t\t// Sort in ORDER (query2.sort)\r\n\t\tresult = sortResult(result, query2);\r\n\t\tif (result.length > 5000) {\r\n\t\t\treturn Promise.reject(new ResultTooLargeError(\"Over 5000 results\"));\r\n\t\t} else {\r\n\t\t\treturn Promise.resolve(result);\r\n\t\t}\r\n\t}\r\n\r\n\t// returns an array of currently added datasets.\r\n\t// Each element of the array should describe a dataset following the InsightDataset interface\r\n\t// which contains the dataset id, kind, and number of rows.\r\n\r\n\t// Reference: https://stackoverflow.com/questions/13142635/how-can-i-create-an-object-based-on-an-interface-file-definition-in-typescript\r\n\tpublic async listDatasets(): Promise<InsightDataset[]> {\r\n\t\tlet result: InsightDataset[] = [];\r\n\t\tlet datasets: Map<string, ISection[] | IRoom[]> = await loadFromDisk();\r\n\t\t// if (datasets.size === 0){\r\n\t\t// \treturn Promise.resolve(result);\r\n\t\t// }\r\n\t\tlet kind = this.getKind(datasets);\r\n\t\t// let kind = InsightDatasetKind.Sections;\r\n\t\tfor (let id of datasets.keys()) {\r\n\t\t\tlet numRows = datasets.get(id)?.length || 0;\r\n\t\t\tconst dataset: InsightDataset = {\r\n\t\t\t\tid: id,\r\n\t\t\t\tkind: kind,\r\n\t\t\t\tnumRows: numRows\r\n\t\t\t};\r\n\t\t\tresult.push(dataset);\r\n\t\t}\r\n\t\t// }\r\n\r\n\t\treturn Promise.resolve(result);\r\n\t}\r\n\r\n\tprivate getKind(datasets: Map<string, ISection[] | IRoom[]>) {\r\n\t\tfor (let value of datasets.values()) {\r\n\t\t\tif (value[1] === null || value[1] === undefined) {\r\n\t\t\t\treturn InsightDatasetKind.Rooms;\r\n\t\t\t} else if(\"uuid\" in value[1]){\r\n\t\t\t\treturn InsightDatasetKind.Sections;\r\n\t\t\t}\r\n\t\t}\r\n\t\treturn InsightDatasetKind.Rooms;\r\n\t}\r\n}\r\n\r\n\r\n"]},"_coverageSchema":"1a1c01bbd47fc00a2c39e90264f33305004495a9","hash":"96484b5b4d1f740ac8a7c65cfac6ba83d3face86","contentHash":"7e38b69552be722673a9433e3309583d3298fd2d45a04a45d5bf0a4a0c772d4d"},"D:\\project_team077\\src\\controller\\IInsightFacade.ts":{"path":"D:\\project_team077\\src\\controller\\IInsightFacade.ts","statementMap":{"0":{"start":{"line":2,"column":0},"end":{"line":2,"column":62}},"1":{"start":{"line":3,"column":0},"end":{"line":3,"column":113}},"2":{"start":{"line":5,"column":0},"end":{"line":8,"column":89}},"3":{"start":{"line":6,"column":4},"end":{"line":6,"column":48}},"4":{"start":{"line":7,"column":4},"end":{"line":7,"column":42}},"5":{"start":{"line":11,"column":8},"end":{"line":11,"column":23}},"6":{"start":{"line":12,"column":8},"end":{"line":12,"column":52}},"7":{"start":{"line":15,"column":0},"end":{"line":15,"column":36}},"8":{"start":{"line":18,"column":8},"end":{"line":18,"column":23}},"9":{"start":{"line":19,"column":8},"end":{"line":19,"column":53}},"10":{"start":{"line":22,"column":0},"end":{"line":22,"column":38}},"11":{"start":{"line":25,"column":8},"end":{"line":25,"column":23}},"12":{"start":{"line":26,"column":8},"end":{"line":26,"column":59}},"13":{"start":{"line":29,"column":0},"end":{"line":29,"column":50}}},"fnMap":{"0":{"name":"(anonymous_0)","decl":{"start":{"line":5,"column":1},"end":{"line":5,"column":2}},"loc":{"start":{"line":5,"column":31},"end":{"line":8,"column":1}},"line":5},"1":{"name":"(anonymous_1)","decl":{"start":{"line":10,"column":4},"end":{"line":10,"column":5}},"loc":{"start":{"line":10,"column":25},"end":{"line":13,"column":5}},"line":10},"2":{"name":"(anonymous_2)","decl":{"start":{"line":17,"column":4},"end":{"line":17,"column":5}},"loc":{"start":{"line":17,"column":25},"end":{"line":20,"column":5}},"line":17},"3":{"name":"(anonymous_3)","decl":{"start":{"line":24,"column":4},"end":{"line":24,"column":5}},"loc":{"start":{"line":24,"column":25},"end":{"line":27,"column":5}},"line":24}},"branchMap":{"0":{"loc":{"start":{"line":8,"column":24},"end":{"line":8,"column":87}},"type":"binary-expr","locations":[{"start":{"line":8,"column":24},"end":{"line":8,"column":50}},{"start":{"line":8,"column":55},"end":{"line":8,"column":86}}],"line":8}},"s":{"0":1,"1":1,"2":1,"3":1,"4":1,"5":48,"6":48,"7":1,"8":1,"9":1,"10":1,"11":2,"12":2,"13":1},"f":{"0":1,"1":48,"2":1,"3":2},"b":{"0":[1,1]},"inputSourceMap":{"version":3,"file":"D:/project_team077/src/controller/IInsightFacade.ts","sources":["D:/project_team077/src/controller/IInsightFacade.ts"],"names":[],"mappings":";;;AAMA,IAAY,kBAGX;AAHD,WAAY,kBAAkB;IAC7B,2CAAqB,CAAA;IACrB,qCAAe,CAAA;AAChB,CAAC,EAHW,kBAAkB,GAAlB,0BAAkB,KAAlB,0BAAkB,QAG7B;AAYD,MAAa,YAAa,SAAQ,KAAK;IACtC,YAAY,OAAgB;QAC3B,KAAK,CAAC,OAAO,CAAC,CAAC;QACf,KAAK,CAAC,iBAAiB,CAAC,IAAI,EAAE,YAAY,CAAC,CAAC;IAC7C,CAAC;CACD;AALD,oCAKC;AAED,MAAa,aAAc,SAAQ,KAAK;IACvC,YAAY,OAAgB;QAC3B,KAAK,CAAC,OAAO,CAAC,CAAC;QACf,KAAK,CAAC,iBAAiB,CAAC,IAAI,EAAE,aAAa,CAAC,CAAC;IAC9C,CAAC;CACD;AALD,sCAKC;AAED,MAAa,mBAAoB,SAAQ,KAAK;IAC7C,YAAY,OAAgB;QAC3B,KAAK,CAAC,OAAO,CAAC,CAAC;QACf,KAAK,CAAC,iBAAiB,CAAC,IAAI,EAAE,mBAAmB,CAAC,CAAC;IACpD,CAAC;CACD;AALD,kDAKC","sourcesContent":["/*\r\n * This is the primary high-level API for the project. In this folder there should be:\r\n * A class called InsightFacade, this should be in a file called InsightFacade.ts.\r\n * You should not change this interface at all or the test suite will not work.\r\n */\r\n\r\nexport enum InsightDatasetKind {\r\n\tSections = \"sections\",\r\n\tRooms = \"rooms\",\r\n}\r\n\r\nexport interface InsightDataset {\r\n\tid: string;\r\n\tkind: InsightDatasetKind;\r\n\tnumRows: number;\r\n}\r\n\r\nexport interface InsightResult {\r\n\t[key: string]: string | number;\r\n}\r\n\r\nexport class InsightError extends Error {\r\n\tconstructor(message?: string) {\r\n\t\tsuper(message);\r\n\t\tError.captureStackTrace(this, InsightError);\r\n\t}\r\n}\r\n\r\nexport class NotFoundError extends Error {\r\n\tconstructor(message?: string) {\r\n\t\tsuper(message);\r\n\t\tError.captureStackTrace(this, NotFoundError);\r\n\t}\r\n}\r\n\r\nexport class ResultTooLargeError extends Error {\r\n\tconstructor(message?: string) {\r\n\t\tsuper(message);\r\n\t\tError.captureStackTrace(this, ResultTooLargeError);\r\n\t}\r\n}\r\n\r\nexport interface IInsightFacade {\r\n\t/**\r\n\t * Add a dataset to insightUBC.\r\n\t *\r\n\t * @param id  The id of the dataset being added. Follows the format /^[^_]+$/\r\n\t * @param content  The base64 content of the dataset. This content should be in the form of a serialized zip file.\r\n\t * @param kind  The kind of the dataset\r\n\t *\r\n\t * @return Promise <string[]>\r\n\t *\r\n\t * The promise should fulfill on a successful add, reject for any failures.\r\n\t * The promise should fulfill with a string array,\r\n\t * containing the ids of all currently added datasets upon a successful add.\r\n\t * The promise should reject with an InsightError describing the error.\r\n\t *\r\n\t * An id is invalid if it contains an underscore, or is only whitespace characters.\r\n\t * If id is the same as the id of an already added dataset, the dataset should be rejected and not saved.\r\n\t *\r\n\t * After receiving the dataset, it should be processed into a data structure of\r\n\t * your design. The processed data structure should be persisted to disk; your\r\n\t * system should be able to load this persisted value into memory for answering\r\n\t * queries.\r\n\t *\r\n\t * Ultimately, a dataset must be added or loaded from disk before queries can\r\n\t * be successfully answered.\r\n\t */\r\n\taddDataset(id: string, content: string, kind: InsightDatasetKind): Promise<string[]>;\r\n\r\n\t/**\r\n\t * Remove a dataset from insightUBC.\r\n\t *\r\n\t * @param id  The id of the dataset to remove. Follows the format /^[^_]+$/\r\n\t *\r\n\t * @return Promise <string>\r\n\t *\r\n\t * The promise should fulfill upon a successful removal, reject on any error.\r\n\t * Attempting to remove a dataset that hasn't been added yet counts as an error.\r\n\t *\r\n\t * An id is invalid if it contains an underscore, or is only whitespace characters.\r\n\t *\r\n\t * The promise should fulfill the id of the dataset that was removed.\r\n\t * The promise should reject with a NotFoundError (if a valid id was not yet added)\r\n\t * or an InsightError (invalid id or any other source of failure) describing the error.\r\n\t *\r\n\t * This will delete both disk and memory caches for the dataset for the id meaning\r\n\t * that subsequent queries for that id should fail unless a new addDataset happens first.\r\n\t */\r\n\tremoveDataset(id: string): Promise<string>;\r\n\r\n\t/**\r\n\t * Perform a query on insightUBC.\r\n\t *\r\n\t * @param query  The query to be performed.\r\n\t *\r\n\t * If a query is incorrectly formatted, references a dataset not added (in memory or on disk),\r\n\t * or references multiple datasets, it should be rejected.\r\n\t *\r\n\t * @return Promise <InsightResult[]>\r\n\t *\r\n\t * The promise should fulfill with an array of results.\r\n\t * The promise should reject with a ResultTooLargeError (if the query returns too many results)\r\n\t * or an InsightError (for any other source of failure) describing the error.\r\n\t */\r\n\tperformQuery(query: unknown): Promise<InsightResult[]>;\r\n\r\n\t/**\r\n\t * List all currently added datasets, their types, and number of rows.\r\n\t *\r\n\t * @return Promise <InsightDataset[]>\r\n\t * The promise should fulfill an array of currently added InsightDatasets, and will only fulfill.\r\n\t */\r\n\tlistDatasets(): Promise<InsightDataset[]>;\r\n}\r\n"]},"_coverageSchema":"1a1c01bbd47fc00a2c39e90264f33305004495a9","hash":"016b689c75d6c9f15f9e6e95ba739d951a95e910","contentHash":"8130835bb02f001ec31e721760248cf23bd5a68aa3d11f96de4d09b827f45c2a"},"D:\\project_team077\\src\\controller\\SaveandLoad.ts":{"path":"D:\\project_team077\\src\\controller\\SaveandLoad.ts","statementMap":{"0":{"start":{"line":2,"column":22},"end":{"line":4,"column":1}},"1":{"start":{"line":3,"column":4},"end":{"line":3,"column":62}},"2":{"start":{"line":5,"column":0},"end":{"line":5,"column":62}},"3":{"start":{"line":6,"column":0},"end":{"line":6,"column":51}},"4":{"start":{"line":7,"column":19},"end":{"line":7,"column":55}},"5":{"start":{"line":9,"column":4},"end":{"line":21,"column":5}},"6":{"start":{"line":10,"column":8},"end":{"line":10,"column":53}},"7":{"start":{"line":11,"column":8},"end":{"line":16,"column":12}},"8":{"start":{"line":17,"column":8},"end":{"line":17,"column":32}},"9":{"start":{"line":20,"column":8},"end":{"line":20,"column":27}},"10":{"start":{"line":23,"column":0},"end":{"line":23,"column":32}},"11":{"start":{"line":25,"column":19},"end":{"line":25,"column":28}},"12":{"start":{"line":26,"column":4},"end":{"line":41,"column":5}},"13":{"start":{"line":27,"column":8},"end":{"line":27,"column":53}},"14":{"start":{"line":28,"column":24},"end":{"line":28,"column":75}},"15":{"start":{"line":29,"column":25},"end":{"line":33,"column":10}},"16":{"start":{"line":30,"column":23},"end":{"line":30,"column":45}},"17":{"start":{"line":31,"column":31},"end":{"line":31,"column":90}},"18":{"start":{"line":32,"column":12},"end":{"line":32,"column":61}},"19":{"start":{"line":34,"column":28},"end":{"line":34,"column":55}},"20":{"start":{"line":35,"column":8},"end":{"line":37,"column":9}},"21":{"start":{"line":36,"column":12},"end":{"line":36,"column":51}},"22":{"start":{"line":40,"column":8},"end":{"line":40,"column":27}},"23":{"start":{"line":42,"column":4},"end":{"line":42,"column":20}},"24":{"start":{"line":44,"column":0},"end":{"line":44,"column":36}}},"fnMap":{"0":{"name":"(anonymous_0)","decl":{"start":{"line":2,"column":56},"end":{"line":2,"column":57}},"loc":{"start":{"line":2,"column":71},"end":{"line":4,"column":1}},"line":2},"1":{"name":"saveToDisk","decl":{"start":{"line":8,"column":15},"end":{"line":8,"column":25}},"loc":{"start":{"line":8,"column":46},"end":{"line":22,"column":1}},"line":8},"2":{"name":"loadFromDisk","decl":{"start":{"line":24,"column":15},"end":{"line":24,"column":27}},"loc":{"start":{"line":24,"column":30},"end":{"line":43,"column":1}},"line":24},"3":{"name":"(anonymous_3)","decl":{"start":{"line":29,"column":39},"end":{"line":29,"column":40}},"loc":{"start":{"line":29,"column":59},"end":{"line":33,"column":9}},"line":29}},"branchMap":{"0":{"loc":{"start":{"line":2,"column":22},"end":{"line":4,"column":1}},"type":"binary-expr","locations":[{"start":{"line":2,"column":23},"end":{"line":2,"column":27}},{"start":{"line":2,"column":31},"end":{"line":2,"column":51}},{"start":{"line":2,"column":56},"end":{"line":4,"column":1}}],"line":2},"1":{"loc":{"start":{"line":3,"column":11},"end":{"line":3,"column":61}},"type":"cond-expr","locations":[{"start":{"line":3,"column":37},"end":{"line":3,"column":40}},{"start":{"line":3,"column":43},"end":{"line":3,"column":61}}],"line":3},"2":{"loc":{"start":{"line":3,"column":12},"end":{"line":3,"column":33}},"type":"binary-expr","locations":[{"start":{"line":3,"column":12},"end":{"line":3,"column":15}},{"start":{"line":3,"column":19},"end":{"line":3,"column":33}}],"line":3}},"s":{"0":1,"1":1,"2":1,"3":1,"4":1,"5":28,"6":28,"7":28,"8":28,"9":0,"10":1,"11":81,"12":81,"13":81,"14":81,"15":81,"16":91,"17":91,"18":91,"19":81,"20":81,"21":91,"22":0,"23":81,"24":1},"f":{"0":1,"1":28,"2":81,"3":91},"b":{"0":[1,1,1],"1":[0,1],"2":[1,1]},"inputSourceMap":{"version":3,"file":"D:/project_team077/src/controller/SaveandLoad.ts","sources":["D:/project_team077/src/controller/SaveandLoad.ts"],"names":[],"mappings":";;;;;;AAGA,wDAA0B;AAM1B,KAAK,UAAU,UAAU,CAAC,EAAU,EAAE,QAA8B,EAAE,IAAwB;IAC7F,IAAI;QACH,MAAM,kBAAE,CAAC,SAAS,CAAC,QAAQ,CAAC,CAAC;QAE7B,MAAM,kBAAE,CAAC,SAAS,CAAC,SAAS,GAAG,EAAE,GAAG,OAAO,EAAE,IAAI,CAAC,SAAS,CAAC;YAC3D,EAAE,EAAE,EAAE;YACN,IAAI,EAAE,IAAI;YACV,IAAI,EAAE,QAAQ;YACd,OAAO,EAAE,QAAQ,CAAC,MAAM;SACxB,CAAC,CAAC,CAAC;QACJ,OAAO,CAAC,GAAG,CAAC,UAAU,CAAC,CAAC;KACxB;IAAC,OAAO,GAAG,EAAE;QACb,OAAO,CAAC,KAAK,CAAC,GAAG,CAAC,CAAC;KACnB;AACF,CAAC;AAqCM,gCAAU;AAhCjB,KAAK,UAAU,YAAY;IAC1B,IAAI,QAAQ,GAAG,IAAI,GAAG,EAAgC,CAAC;IACvD,IAAI;QACH,MAAM,kBAAE,CAAC,SAAS,CAAC,QAAQ,CAAC,CAAC;QAE7B,IAAI,SAAS,GAAG,MAAM,kBAAE,CAAC,QAAQ,CAAC,OAAO,CAAC,QAAQ,CAAC,CAAC;QACpD,MAAM,QAAQ,GAAG,SAAS,CAAC,GAAG,CAAC,KAAK,EAAE,QAAQ,EAAE,EAAE;YAEjD,MAAM,EAAE,GAAG,QAAQ,CAAC,KAAK,CAAC,GAAG,CAAC,CAAC,CAAC,CAAC,CAAC;YAElC,MAAM,UAAU,GAAG,MAAM,kBAAE,CAAC,QAAQ,CAAC,SAAS,GAAG,EAAE,GAAG,OAAO,CAAC,CAAC;YAE/D,OAAO,EAAC,EAAE,EAAE,IAAI,EAAE,IAAI,CAAC,KAAK,CAAC,UAAU,CAAC,CAAC,IAAI,EAAC,CAAC;QAChD,CAAC,CAAC,CAAC;QACH,MAAM,WAAW,GAAG,MAAM,OAAO,CAAC,GAAG,CAAC,QAAQ,CAAC,CAAC;QAEhD,KAAI,IAAI,OAAO,IAAI,WAAW,EAAC;YAC9B,QAAQ,CAAC,GAAG,CAAC,OAAO,CAAC,EAAE,EAAE,OAAO,CAAC,IAAI,CAAC,CAAC;SACvC;KAQD;IAAC,OAAO,GAAG,EAAE;QACb,OAAO,CAAC,KAAK,CAAC,GAAG,CAAC,CAAC;KACnB;IACD,OAAO,QAAQ,CAAC;AACjB,CAAC;AAEiB,oCAAY","sourcesContent":["\r\n\r\nimport {InsightDatasetKind} from \"./IInsightFacade\";\r\nimport fs from \"fs-extra\";\r\nimport {ISection} from \"./ISection\";\r\nimport {IRoom} from \"./IRoom\";\r\n\r\n// Reference: https://github.com/jprichardson/node-fs-extra/blob/HEAD/docs/writeJson.md\r\n// Save the newly added dataset to disk,need id, kind,content and numRows\r\nasync function saveToDisk(id: string, dataList: ISection[] | IRoom[], kind: InsightDatasetKind) {\r\n\ttry {\r\n\t\tawait fs.ensureDir(\"./data\");\r\n\t\t// fileName is in the format of id.json\r\n\t\tawait fs.writeJson(\"./data/\" + id + \".json\", JSON.stringify({\r\n\t\t\tid: id,\r\n\t\t\tkind: kind,\r\n\t\t\tdata: dataList,\r\n\t\t\tnumRows: dataList.length\r\n\t\t}));\r\n\t\tconsole.log(\"success!\");\r\n\t} catch (err) {\r\n\t\tconsole.error(err);\r\n\t}\r\n}\r\n\r\n// Reference: https://www.geeksforgeeks.org/node-js-fs-promise-readdir-method/\r\n// Reference:https://github.com/jprichardson/node-fs-extra/blob/1d931c88b2d5428670fb39458158ce9c5ac242a3/docs/readJson.md\r\n// load datasets from disk\r\nasync function loadFromDisk() {\r\n\tlet datasets = new Map<string, ISection[] | IRoom[]>();\r\n\ttry {\r\n\t\tawait fs.ensureDir(\"./data\");\r\n\t\t// iterate through the datasets folder,return a promise with the list of names of files\r\n\t\tlet filenames = await fs.promises.readdir(\"./data\");\r\n\t\tconst promises = filenames.map(async (filename) => {\r\n\t\t\t// Split the string and get the first part\r\n\t\t\tconst id = filename.split(\".\")[0];\r\n\t\t\t// Return a JavaScript object representing the contents of the JSON file\r\n\t\t\tconst datasetObj = await fs.readJson(\"./data/\" + id + \".json\");\r\n\r\n\t\t\treturn {id, data: JSON.parse(datasetObj).data};\r\n\t\t});\r\n\t\tconst datasetList = await Promise.all(promises);\r\n        // Convert the array of datasets to a Map\r\n\t\tfor(let dataset of datasetList){\r\n\t\t\tdatasets.set(dataset.id, dataset.data);\r\n\t\t}\r\n\r\n\t\t// for (let filename of filenames) {\r\n\t\t// \t// split the string and get the first part\r\n\t\t// \tlet id = filename.split(\".\")[0];\r\n\t\t// \tconst datasetObj = await fs.readJson(\"./data/\" + id + \".json\");\r\n\t\t// \tdatasets.set(id, JSON.parse(datasetObj).data);\r\n\t\t// }\r\n\t} catch (err) {\r\n\t\tconsole.error(err);\r\n\t}\r\n\treturn datasets;\r\n}\r\n\r\nexport{saveToDisk,loadFromDisk};\r\n\r\n\r\n"]},"_coverageSchema":"1a1c01bbd47fc00a2c39e90264f33305004495a9","hash":"2fca29c7cf72bfccc411891c8af6553c3b8536c9","contentHash":"37e321a19366c889825087e12a86cab5c9acaa93f99214721fdc950048e9260b"},"D:\\project_team077\\src\\controller\\Query.ts":{"path":"D:\\project_team077\\src\\controller\\Query.ts","statementMap":{"0":{"start":{"line":2,"column":0},"end":{"line":2,"column":62}},"1":{"start":{"line":3,"column":0},"end":{"line":3,"column":161}},"2":{"start":{"line":4,"column":25},"end":{"line":4,"column":52}},"3":{"start":{"line":5,"column":17},"end":{"line":5,"column":36}},"4":{"start":{"line":6,"column":17},"end":{"line":6,"column":36}},"5":{"start":{"line":7,"column":17},"end":{"line":7,"column":36}},"6":{"start":{"line":13,"column":8},"end":{"line":15,"column":9}},"7":{"start":{"line":14,"column":12},"end":{"line":14,"column":25}},"8":{"start":{"line":16,"column":8},"end":{"line":18,"column":9}},"9":{"start":{"line":17,"column":12},"end":{"line":17,"column":25}},"10":{"start":{"line":19,"column":8},"end":{"line":21,"column":9}},"11":{"start":{"line":20,"column":12},"end":{"line":20,"column":25}},"12":{"start":{"line":22,"column":8},"end":{"line":28,"column":9}},"13":{"start":{"line":23,"column":12},"end":{"line":23,"column":104}},"14":{"start":{"line":26,"column":12},"end":{"line":27,"column":77}},"15":{"start":{"line":31,"column":0},"end":{"line":31,"column":22}},"16":{"start":{"line":33,"column":14},"end":{"line":33,"column":16}},"17":{"start":{"line":34,"column":11},"end":{"line":34,"column":13}},"18":{"start":{"line":36,"column":10},"end":{"line":36,"column":12}},"19":{"start":{"line":37,"column":10},"end":{"line":37,"column":12}},"20":{"start":{"line":38,"column":10},"end":{"line":38,"column":12}},"21":{"start":{"line":39,"column":12},"end":{"line":39,"column":14}},"22":{"start":{"line":40,"column":12},"end":{"line":40,"column":21}},"23":{"start":{"line":42,"column":8},"end":{"line":44,"column":9}},"24":{"start":{"line":43,"column":12},"end":{"line":43,"column":24}},"25":{"start":{"line":45,"column":8},"end":{"line":49,"column":9}},"26":{"start":{"line":46,"column":12},"end":{"line":48,"column":13}},"27":{"start":{"line":47,"column":16},"end":{"line":47,"column":29}},"28":{"start":{"line":50,"column":8},"end":{"line":50,"column":20}},"29":{"start":{"line":54,"column":8},"end":{"line":69,"column":9}},"30":{"start":{"line":55,"column":22},"end":{"line":55,"column":23}},"31":{"start":{"line":56,"column":12},"end":{"line":68,"column":13}},"32":{"start":{"line":57,"column":16},"end":{"line":62,"column":17}},"33":{"start":{"line":58,"column":37},"end":{"line":58,"column":56}},"34":{"start":{"line":59,"column":20},"end":{"line":61,"column":21}},"35":{"start":{"line":60,"column":24},"end":{"line":60,"column":55}},"36":{"start":{"line":63,"column":16},"end":{"line":63,"column":37}},"37":{"start":{"line":66,"column":16},"end":{"line":66,"column":39}},"38":{"start":{"line":67,"column":16},"end":{"line":67,"column":42}},"39":{"start":{"line":72,"column":8},"end":{"line":74,"column":9}},"40":{"start":{"line":73,"column":12},"end":{"line":73,"column":24}},"41":{"start":{"line":75,"column":8},"end":{"line":79,"column":9}},"42":{"start":{"line":76,"column":12},"end":{"line":78,"column":13}},"43":{"start":{"line":77,"column":16},"end":{"line":77,"column":29}},"44":{"start":{"line":80,"column":8},"end":{"line":80,"column":20}},"45":{"start":{"line":83,"column":0},"end":{"line":83,"column":24}},"46":{"start":{"line":85,"column":4},"end":{"line":102,"column":5}},"47":{"start":{"line":86,"column":8},"end":{"line":86,"column":70}},"48":{"start":{"line":88,"column":9},"end":{"line":102,"column":5}},"49":{"start":{"line":89,"column":8},"end":{"line":89,"column":71}},"50":{"start":{"line":91,"column":9},"end":{"line":102,"column":5}},"51":{"start":{"line":92,"column":8},"end":{"line":92,"column":71}},"52":{"start":{"line":94,"column":9},"end":{"line":102,"column":5}},"53":{"start":{"line":95,"column":8},"end":{"line":95,"column":65}},"54":{"start":{"line":97,"column":9},"end":{"line":102,"column":5}},"55":{"start":{"line":98,"column":8},"end":{"line":98,"column":69}},"56":{"start":{"line":101,"column":8},"end":{"line":101,"column":21}},"57":{"start":{"line":104,"column":0},"end":{"line":104,"column":38}},"58":{"start":{"line":106,"column":17},"end":{"line":106,"column":19}},"59":{"start":{"line":107,"column":4},"end":{"line":121,"column":5}},"60":{"start":{"line":108,"column":8},"end":{"line":108,"column":78}},"61":{"start":{"line":110,"column":9},"end":{"line":121,"column":5}},"62":{"start":{"line":111,"column":8},"end":{"line":111,"column":80}},"63":{"start":{"line":113,"column":9},"end":{"line":121,"column":5}},"64":{"start":{"line":114,"column":8},"end":{"line":114,"column":80}},"65":{"start":{"line":116,"column":9},"end":{"line":121,"column":5}},"66":{"start":{"line":117,"column":8},"end":{"line":117,"column":74}},"67":{"start":{"line":120,"column":8},"end":{"line":120,"column":79}},"68":{"start":{"line":122,"column":4},"end":{"line":122,"column":18}},"69":{"start":{"line":124,"column":0},"end":{"line":124,"column":36}},"70":{"start":{"line":126,"column":17},"end":{"line":126,"column":19}},"71":{"start":{"line":127,"column":4},"end":{"line":144,"column":5}},"72":{"start":{"line":128,"column":8},"end":{"line":128,"column":78}},"73":{"start":{"line":130,"column":9},"end":{"line":144,"column":5}},"74":{"start":{"line":131,"column":8},"end":{"line":131,"column":78}},"75":{"start":{"line":133,"column":9},"end":{"line":144,"column":5}},"76":{"start":{"line":134,"column":8},"end":{"line":134,"column":78}},"77":{"start":{"line":136,"column":9},"end":{"line":144,"column":5}},"78":{"start":{"line":137,"column":8},"end":{"line":137,"column":78}},"79":{"start":{"line":139,"column":9},"end":{"line":144,"column":5}},"80":{"start":{"line":140,"column":8},"end":{"line":140,"column":74}},"81":{"start":{"line":143,"column":8},"end":{"line":143,"column":73}},"82":{"start":{"line":145,"column":4},"end":{"line":145,"column":18}},"83":{"start":{"line":147,"column":0},"end":{"line":147,"column":42}},"84":{"start":{"line":152,"column":8},"end":{"line":154,"column":9}},"85":{"start":{"line":153,"column":12},"end":{"line":153,"column":25}},"86":{"start":{"line":155,"column":8},"end":{"line":174,"column":9}},"87":{"start":{"line":156,"column":12},"end":{"line":163,"column":13}},"88":{"start":{"line":157,"column":16},"end":{"line":161,"column":17}},"89":{"start":{"line":158,"column":20},"end":{"line":160,"column":21}},"90":{"start":{"line":159,"column":24},"end":{"line":159,"column":37}},"91":{"start":{"line":162,"column":16},"end":{"line":162,"column":28}},"92":{"start":{"line":165,"column":13},"end":{"line":174,"column":9}},"93":{"start":{"line":166,"column":12},"end":{"line":173,"column":13}},"94":{"start":{"line":167,"column":16},"end":{"line":171,"column":17}},"95":{"start":{"line":168,"column":20},"end":{"line":170,"column":21}},"96":{"start":{"line":169,"column":24},"end":{"line":169,"column":37}},"97":{"start":{"line":172,"column":16},"end":{"line":172,"column":28}},"98":{"start":{"line":175,"column":8},"end":{"line":175,"column":21}},"99":{"start":{"line":178,"column":21},"end":{"line":178,"column":23}},"100":{"start":{"line":179,"column":8},"end":{"line":206,"column":9}},"101":{"start":{"line":180,"column":12},"end":{"line":188,"column":13}},"102":{"start":{"line":181,"column":25},"end":{"line":181,"column":65}},"103":{"start":{"line":182,"column":16},"end":{"line":187,"column":17}},"104":{"start":{"line":183,"column":20},"end":{"line":183,"column":32}},"105":{"start":{"line":186,"column":20},"end":{"line":186,"column":66}},"106":{"start":{"line":189,"column":12},"end":{"line":191,"column":13}},"107":{"start":{"line":190,"column":16},"end":{"line":190,"column":73}},"108":{"start":{"line":193,"column":13},"end":{"line":206,"column":9}},"109":{"start":{"line":194,"column":12},"end":{"line":205,"column":13}},"110":{"start":{"line":195,"column":25},"end":{"line":195,"column":65}},"111":{"start":{"line":196,"column":16},"end":{"line":204,"column":17}},"112":{"start":{"line":197,"column":20},"end":{"line":197,"column":32}},"113":{"start":{"line":200,"column":20},"end":{"line":200,"column":65}},"114":{"start":{"line":201,"column":20},"end":{"line":203,"column":21}},"115":{"start":{"line":202,"column":24},"end":{"line":202,"column":81}},"116":{"start":{"line":207,"column":8},"end":{"line":207,"column":22}},"117":{"start":{"line":210,"column":21},"end":{"line":210,"column":23}},"118":{"start":{"line":211,"column":8},"end":{"line":219,"column":9}},"119":{"start":{"line":212,"column":21},"end":{"line":212,"column":64}},"120":{"start":{"line":213,"column":12},"end":{"line":218,"column":13}},"121":{"start":{"line":214,"column":16},"end":{"line":214,"column":28}},"122":{"start":{"line":217,"column":16},"end":{"line":217,"column":61}},"123":{"start":{"line":220,"column":8},"end":{"line":220,"column":22}},"124":{"start":{"line":223,"column":21},"end":{"line":223,"column":23}},"125":{"start":{"line":224,"column":8},"end":{"line":232,"column":9}},"126":{"start":{"line":225,"column":21},"end":{"line":225,"column":64}},"127":{"start":{"line":226,"column":12},"end":{"line":231,"column":13}},"128":{"start":{"line":227,"column":16},"end":{"line":227,"column":28}},"129":{"start":{"line":230,"column":16},"end":{"line":230,"column":62}},"130":{"start":{"line":233,"column":8},"end":{"line":233,"column":22}},"131":{"start":{"line":236,"column":8},"end":{"line":238,"column":9}},"132":{"start":{"line":237,"column":12},"end":{"line":237,"column":22}},"133":{"start":{"line":239,"column":21},"end":{"line":239,"column":23}},"134":{"start":{"line":240,"column":20},"end":{"line":240,"column":22}},"135":{"start":{"line":241,"column":8},"end":{"line":243,"column":9}},"136":{"start":{"line":242,"column":12},"end":{"line":242,"column":45}},"137":{"start":{"line":244,"column":8},"end":{"line":249,"column":9}},"138":{"start":{"line":245,"column":23},"end":{"line":245,"column":43}},"139":{"start":{"line":246,"column":12},"end":{"line":248,"column":13}},"140":{"start":{"line":247,"column":16},"end":{"line":247,"column":31}},"141":{"start":{"line":250,"column":8},"end":{"line":250,"column":22}},"142":{"start":{"line":253,"column":8},"end":{"line":275,"column":9}},"143":{"start":{"line":254,"column":12},"end":{"line":254,"column":21}},"144":{"start":{"line":256,"column":13},"end":{"line":275,"column":9}},"145":{"start":{"line":257,"column":12},"end":{"line":257,"column":21}},"146":{"start":{"line":260,"column":25},"end":{"line":260,"column":27}},"147":{"start":{"line":261,"column":24},"end":{"line":261,"column":26}},"148":{"start":{"line":262,"column":12},"end":{"line":267,"column":13}},"149":{"start":{"line":263,"column":16},"end":{"line":266,"column":17}},"150":{"start":{"line":264,"column":20},"end":{"line":264,"column":53}},"151":{"start":{"line":265,"column":20},"end":{"line":265,"column":35}},"152":{"start":{"line":268,"column":12},"end":{"line":273,"column":13}},"153":{"start":{"line":269,"column":16},"end":{"line":272,"column":17}},"154":{"start":{"line":270,"column":20},"end":{"line":270,"column":53}},"155":{"start":{"line":271,"column":20},"end":{"line":271,"column":35}},"156":{"start":{"line":274,"column":12},"end":{"line":274,"column":26}},"157":{"start":{"line":278,"column":0},"end":{"line":278,"column":42}},"158":{"start":{"line":281,"column":4},"end":{"line":281,"column":27}},"159":{"start":{"line":282,"column":17},"end":{"line":282,"column":80}},"160":{"start":{"line":283,"column":4},"end":{"line":291,"column":5}},"161":{"start":{"line":284,"column":8},"end":{"line":290,"column":9}},"162":{"start":{"line":285,"column":12},"end":{"line":285,"column":35}},"163":{"start":{"line":286,"column":12},"end":{"line":286,"column":24}},"164":{"start":{"line":288,"column":13},"end":{"line":290,"column":9}},"165":{"start":{"line":289,"column":12},"end":{"line":289,"column":24}},"166":{"start":{"line":292,"column":4},"end":{"line":292,"column":17}},"167":{"start":{"line":294,"column":0},"end":{"line":294,"column":34}}},"fnMap":{"0":{"name":"(anonymous_0)","decl":{"start":{"line":12,"column":4},"end":{"line":12,"column":5}},"loc":{"start":{"line":12,"column":35},"end":{"line":29,"column":5}},"line":12},"1":{"name":"(anonymous_1)","decl":{"start":{"line":41,"column":4},"end":{"line":41,"column":5}},"loc":{"start":{"line":41,"column":36},"end":{"line":51,"column":5}},"line":41},"2":{"name":"(anonymous_2)","decl":{"start":{"line":52,"column":4},"end":{"line":52,"column":5}},"loc":{"start":{"line":52,"column":34},"end":{"line":70,"column":5}},"line":52},"3":{"name":"(anonymous_3)","decl":{"start":{"line":71,"column":4},"end":{"line":71,"column":5}},"loc":{"start":{"line":71,"column":43},"end":{"line":81,"column":5}},"line":71},"4":{"name":"isValidFilter","decl":{"start":{"line":84,"column":9},"end":{"line":84,"column":22}},"loc":{"start":{"line":84,"column":39},"end":{"line":103,"column":1}},"line":84},"5":{"name":"filterResult","decl":{"start":{"line":105,"column":9},"end":{"line":105,"column":21}},"loc":{"start":{"line":105,"column":46},"end":{"line":123,"column":1}},"line":105},"6":{"name":"filterNotResult","decl":{"start":{"line":125,"column":9},"end":{"line":125,"column":24}},"loc":{"start":{"line":125,"column":49},"end":{"line":146,"column":1}},"line":125},"7":{"name":"(anonymous_7)","decl":{"start":{"line":151,"column":4},"end":{"line":151,"column":5}},"loc":{"start":{"line":151,"column":50},"end":{"line":176,"column":5}},"line":151},"8":{"name":"(anonymous_8)","decl":{"start":{"line":177,"column":4},"end":{"line":177,"column":5}},"loc":{"start":{"line":177,"column":57},"end":{"line":208,"column":5}},"line":177},"9":{"name":"(anonymous_9)","decl":{"start":{"line":209,"column":4},"end":{"line":209,"column":5}},"loc":{"start":{"line":209,"column":48},"end":{"line":221,"column":5}},"line":209},"10":{"name":"(anonymous_10)","decl":{"start":{"line":222,"column":4},"end":{"line":222,"column":5}},"loc":{"start":{"line":222,"column":47},"end":{"line":234,"column":5}},"line":222},"11":{"name":"(anonymous_11)","decl":{"start":{"line":235,"column":4},"end":{"line":235,"column":5}},"loc":{"start":{"line":235,"column":26},"end":{"line":251,"column":5}},"line":235},"12":{"name":"(anonymous_12)","decl":{"start":{"line":252,"column":4},"end":{"line":252,"column":5}},"loc":{"start":{"line":252,"column":25},"end":{"line":276,"column":5}},"line":252},"13":{"name":"isValidMkey","decl":{"start":{"line":279,"column":9},"end":{"line":279,"column":20}},"loc":{"start":{"line":279,"column":34},"end":{"line":293,"column":1}},"line":279}},"branchMap":{"0":{"loc":{"start":{"line":13,"column":8},"end":{"line":15,"column":9}},"type":"if","locations":[{"start":{"line":13,"column":8},"end":{"line":15,"column":9}},{"start":{"line":13,"column":8},"end":{"line":15,"column":9}}],"line":13},"1":{"loc":{"start":{"line":16,"column":8},"end":{"line":18,"column":9}},"type":"if","locations":[{"start":{"line":16,"column":8},"end":{"line":18,"column":9}},{"start":{"line":16,"column":8},"end":{"line":18,"column":9}}],"line":16},"2":{"loc":{"start":{"line":19,"column":8},"end":{"line":21,"column":9}},"type":"if","locations":[{"start":{"line":19,"column":8},"end":{"line":21,"column":9}},{"start":{"line":19,"column":8},"end":{"line":21,"column":9}}],"line":19},"3":{"loc":{"start":{"line":22,"column":8},"end":{"line":28,"column":9}},"type":"if","locations":[{"start":{"line":22,"column":8},"end":{"line":28,"column":9}},{"start":{"line":22,"column":8},"end":{"line":28,"column":9}}],"line":22},"4":{"loc":{"start":{"line":23,"column":19},"end":{"line":23,"column":103}},"type":"binary-expr","locations":[{"start":{"line":23,"column":19},"end":{"line":23,"column":49}},{"start":{"line":23,"column":53},"end":{"line":23,"column":103}}],"line":23},"5":{"loc":{"start":{"line":26,"column":19},"end":{"line":27,"column":76}},"type":"binary-expr","locations":[{"start":{"line":26,"column":19},"end":{"line":26,"column":49}},{"start":{"line":26,"column":53},"end":{"line":26,"column":103}},{"start":{"line":27,"column":16},"end":{"line":27,"column":76}}],"line":26},"6":{"loc":{"start":{"line":42,"column":8},"end":{"line":44,"column":9}},"type":"if","locations":[{"start":{"line":42,"column":8},"end":{"line":44,"column":9}},{"start":{"line":42,"column":8},"end":{"line":44,"column":9}}],"line":42},"7":{"loc":{"start":{"line":46,"column":12},"end":{"line":48,"column":13}},"type":"if","locations":[{"start":{"line":46,"column":12},"end":{"line":48,"column":13}},{"start":{"line":46,"column":12},"end":{"line":48,"column":13}}],"line":46},"8":{"loc":{"start":{"line":56,"column":12},"end":{"line":68,"column":13}},"type":"if","locations":[{"start":{"line":56,"column":12},"end":{"line":68,"column":13}},{"start":{"line":56,"column":12},"end":{"line":68,"column":13}}],"line":56},"9":{"loc":{"start":{"line":57,"column":16},"end":{"line":62,"column":17}},"type":"if","locations":[{"start":{"line":57,"column":16},"end":{"line":62,"column":17}},{"start":{"line":57,"column":16},"end":{"line":62,"column":17}}],"line":57},"10":{"loc":{"start":{"line":59,"column":20},"end":{"line":61,"column":21}},"type":"if","locations":[{"start":{"line":59,"column":20},"end":{"line":61,"column":21}},{"start":{"line":59,"column":20},"end":{"line":61,"column":21}}],"line":59},"11":{"loc":{"start":{"line":72,"column":8},"end":{"line":74,"column":9}},"type":"if","locations":[{"start":{"line":72,"column":8},"end":{"line":74,"column":9}},{"start":{"line":72,"column":8},"end":{"line":74,"column":9}}],"line":72},"12":{"loc":{"start":{"line":76,"column":12},"end":{"line":78,"column":13}},"type":"if","locations":[{"start":{"line":76,"column":12},"end":{"line":78,"column":13}},{"start":{"line":76,"column":12},"end":{"line":78,"column":13}}],"line":76},"13":{"loc":{"start":{"line":76,"column":16},"end":{"line":76,"column":65}},"type":"binary-expr","locations":[{"start":{"line":76,"column":16},"end":{"line":76,"column":41}},{"start":{"line":76,"column":45},"end":{"line":76,"column":65}}],"line":76},"14":{"loc":{"start":{"line":85,"column":4},"end":{"line":102,"column":5}},"type":"if","locations":[{"start":{"line":85,"column":4},"end":{"line":102,"column":5}},{"start":{"line":85,"column":4},"end":{"line":102,"column":5}}],"line":85},"15":{"loc":{"start":{"line":85,"column":8},"end":{"line":85,"column":31}},"type":"binary-expr","locations":[{"start":{"line":85,"column":8},"end":{"line":85,"column":18}},{"start":{"line":85,"column":22},"end":{"line":85,"column":31}}],"line":85},"16":{"loc":{"start":{"line":88,"column":9},"end":{"line":102,"column":5}},"type":"if","locations":[{"start":{"line":88,"column":9},"end":{"line":102,"column":5}},{"start":{"line":88,"column":9},"end":{"line":102,"column":5}}],"line":88},"17":{"loc":{"start":{"line":88,"column":13},"end":{"line":88,"column":48}},"type":"binary-expr","locations":[{"start":{"line":88,"column":13},"end":{"line":88,"column":22}},{"start":{"line":88,"column":26},"end":{"line":88,"column":35}},{"start":{"line":88,"column":39},"end":{"line":88,"column":48}}],"line":88},"18":{"loc":{"start":{"line":91,"column":9},"end":{"line":102,"column":5}},"type":"if","locations":[{"start":{"line":91,"column":9},"end":{"line":102,"column":5}},{"start":{"line":91,"column":9},"end":{"line":102,"column":5}}],"line":91},"19":{"loc":{"start":{"line":94,"column":9},"end":{"line":102,"column":5}},"type":"if","locations":[{"start":{"line":94,"column":9},"end":{"line":102,"column":5}},{"start":{"line":94,"column":9},"end":{"line":102,"column":5}}],"line":94},"20":{"loc":{"start":{"line":97,"column":9},"end":{"line":102,"column":5}},"type":"if","locations":[{"start":{"line":97,"column":9},"end":{"line":102,"column":5}},{"start":{"line":97,"column":9},"end":{"line":102,"column":5}}],"line":97},"21":{"loc":{"start":{"line":107,"column":4},"end":{"line":121,"column":5}},"type":"if","locations":[{"start":{"line":107,"column":4},"end":{"line":121,"column":5}},{"start":{"line":107,"column":4},"end":{"line":121,"column":5}}],"line":107},"22":{"loc":{"start":{"line":107,"column":8},"end":{"line":107,"column":40}},"type":"binary-expr","locations":[{"start":{"line":107,"column":8},"end":{"line":107,"column":9}},{"start":{"line":107,"column":13},"end":{"line":107,"column":40}}],"line":107},"23":{"loc":{"start":{"line":110,"column":9},"end":{"line":121,"column":5}},"type":"if","locations":[{"start":{"line":110,"column":9},"end":{"line":121,"column":5}},{"start":{"line":110,"column":9},"end":{"line":121,"column":5}}],"line":110},"24":{"loc":{"start":{"line":110,"column":13},"end":{"line":110,"column":33}},"type":"binary-expr","locations":[{"start":{"line":110,"column":13},"end":{"line":110,"column":17}},{"start":{"line":110,"column":21},"end":{"line":110,"column":25}},{"start":{"line":110,"column":29},"end":{"line":110,"column":33}}],"line":110},"25":{"loc":{"start":{"line":113,"column":9},"end":{"line":121,"column":5}},"type":"if","locations":[{"start":{"line":113,"column":9},"end":{"line":121,"column":5}},{"start":{"line":113,"column":9},"end":{"line":121,"column":5}}],"line":113},"26":{"loc":{"start":{"line":116,"column":9},"end":{"line":121,"column":5}},"type":"if","locations":[{"start":{"line":116,"column":9},"end":{"line":121,"column":5}},{"start":{"line":116,"column":9},"end":{"line":121,"column":5}}],"line":116},"27":{"loc":{"start":{"line":127,"column":4},"end":{"line":144,"column":5}},"type":"if","locations":[{"start":{"line":127,"column":4},"end":{"line":144,"column":5}},{"start":{"line":127,"column":4},"end":{"line":144,"column":5}}],"line":127},"28":{"loc":{"start":{"line":130,"column":9},"end":{"line":144,"column":5}},"type":"if","locations":[{"start":{"line":130,"column":9},"end":{"line":144,"column":5}},{"start":{"line":130,"column":9},"end":{"line":144,"column":5}}],"line":130},"29":{"loc":{"start":{"line":133,"column":9},"end":{"line":144,"column":5}},"type":"if","locations":[{"start":{"line":133,"column":9},"end":{"line":144,"column":5}},{"start":{"line":133,"column":9},"end":{"line":144,"column":5}}],"line":133},"30":{"loc":{"start":{"line":136,"column":9},"end":{"line":144,"column":5}},"type":"if","locations":[{"start":{"line":136,"column":9},"end":{"line":144,"column":5}},{"start":{"line":136,"column":9},"end":{"line":144,"column":5}}],"line":136},"31":{"loc":{"start":{"line":139,"column":9},"end":{"line":144,"column":5}},"type":"if","locations":[{"start":{"line":139,"column":9},"end":{"line":144,"column":5}},{"start":{"line":139,"column":9},"end":{"line":144,"column":5}}],"line":139},"32":{"loc":{"start":{"line":152,"column":8},"end":{"line":154,"column":9}},"type":"if","locations":[{"start":{"line":152,"column":8},"end":{"line":154,"column":9}},{"start":{"line":152,"column":8},"end":{"line":154,"column":9}}],"line":152},"33":{"loc":{"start":{"line":152,"column":12},"end":{"line":152,"column":68}},"type":"binary-expr","locations":[{"start":{"line":152,"column":13},"end":{"line":152,"column":24}},{"start":{"line":152,"column":28},"end":{"line":152,"column":38}},{"start":{"line":152,"column":44},"end":{"line":152,"column":54}},{"start":{"line":152,"column":58},"end":{"line":152,"column":67}}],"line":152},"34":{"loc":{"start":{"line":155,"column":8},"end":{"line":174,"column":9}},"type":"if","locations":[{"start":{"line":155,"column":8},"end":{"line":174,"column":9}},{"start":{"line":155,"column":8},"end":{"line":174,"column":9}}],"line":155},"35":{"loc":{"start":{"line":155,"column":12},"end":{"line":155,"column":36}},"type":"binary-expr","locations":[{"start":{"line":155,"column":12},"end":{"line":155,"column":22}},{"start":{"line":155,"column":26},"end":{"line":155,"column":36}}],"line":155},"36":{"loc":{"start":{"line":156,"column":12},"end":{"line":163,"column":13}},"type":"if","locations":[{"start":{"line":156,"column":12},"end":{"line":163,"column":13}},{"start":{"line":156,"column":12},"end":{"line":163,"column":13}}],"line":156},"37":{"loc":{"start":{"line":158,"column":20},"end":{"line":160,"column":21}},"type":"if","locations":[{"start":{"line":158,"column":20},"end":{"line":160,"column":21}},{"start":{"line":158,"column":20},"end":{"line":160,"column":21}}],"line":158},"38":{"loc":{"start":{"line":165,"column":13},"end":{"line":174,"column":9}},"type":"if","locations":[{"start":{"line":165,"column":13},"end":{"line":174,"column":9}},{"start":{"line":165,"column":13},"end":{"line":174,"column":9}}],"line":165},"39":{"loc":{"start":{"line":165,"column":17},"end":{"line":165,"column":41}},"type":"binary-expr","locations":[{"start":{"line":165,"column":17},"end":{"line":165,"column":28}},{"start":{"line":165,"column":32},"end":{"line":165,"column":41}}],"line":165},"40":{"loc":{"start":{"line":166,"column":12},"end":{"line":173,"column":13}},"type":"if","locations":[{"start":{"line":166,"column":12},"end":{"line":173,"column":13}},{"start":{"line":166,"column":12},"end":{"line":173,"column":13}}],"line":166},"41":{"loc":{"start":{"line":168,"column":20},"end":{"line":170,"column":21}},"type":"if","locations":[{"start":{"line":168,"column":20},"end":{"line":170,"column":21}},{"start":{"line":168,"column":20},"end":{"line":170,"column":21}}],"line":168},"42":{"loc":{"start":{"line":179,"column":8},"end":{"line":206,"column":9}},"type":"if","locations":[{"start":{"line":179,"column":8},"end":{"line":206,"column":9}},{"start":{"line":179,"column":8},"end":{"line":206,"column":9}}],"line":179},"43":{"loc":{"start":{"line":182,"column":16},"end":{"line":187,"column":17}},"type":"if","locations":[{"start":{"line":182,"column":16},"end":{"line":187,"column":17}},{"start":{"line":182,"column":16},"end":{"line":187,"column":17}}],"line":182},"44":{"loc":{"start":{"line":189,"column":12},"end":{"line":191,"column":13}},"type":"if","locations":[{"start":{"line":189,"column":12},"end":{"line":191,"column":13}},{"start":{"line":189,"column":12},"end":{"line":191,"column":13}}],"line":189},"45":{"loc":{"start":{"line":189,"column":16},"end":{"line":189,"column":51}},"type":"binary-expr","locations":[{"start":{"line":189,"column":16},"end":{"line":189,"column":27}},{"start":{"line":189,"column":31},"end":{"line":189,"column":51}}],"line":189},"46":{"loc":{"start":{"line":193,"column":13},"end":{"line":206,"column":9}},"type":"if","locations":[{"start":{"line":193,"column":13},"end":{"line":206,"column":9}},{"start":{"line":193,"column":13},"end":{"line":206,"column":9}}],"line":193},"47":{"loc":{"start":{"line":196,"column":16},"end":{"line":204,"column":17}},"type":"if","locations":[{"start":{"line":196,"column":16},"end":{"line":204,"column":17}},{"start":{"line":196,"column":16},"end":{"line":204,"column":17}}],"line":196},"48":{"loc":{"start":{"line":201,"column":20},"end":{"line":203,"column":21}},"type":"if","locations":[{"start":{"line":201,"column":20},"end":{"line":203,"column":21}},{"start":{"line":201,"column":20},"end":{"line":203,"column":21}}],"line":201},"49":{"loc":{"start":{"line":201,"column":24},"end":{"line":201,"column":59}},"type":"binary-expr","locations":[{"start":{"line":201,"column":24},"end":{"line":201,"column":35}},{"start":{"line":201,"column":39},"end":{"line":201,"column":59}}],"line":201},"50":{"loc":{"start":{"line":213,"column":12},"end":{"line":218,"column":13}},"type":"if","locations":[{"start":{"line":213,"column":12},"end":{"line":218,"column":13}},{"start":{"line":213,"column":12},"end":{"line":218,"column":13}}],"line":213},"51":{"loc":{"start":{"line":226,"column":12},"end":{"line":231,"column":13}},"type":"if","locations":[{"start":{"line":226,"column":12},"end":{"line":231,"column":13}},{"start":{"line":226,"column":12},"end":{"line":231,"column":13}}],"line":226},"52":{"loc":{"start":{"line":236,"column":8},"end":{"line":238,"column":9}},"type":"if","locations":[{"start":{"line":236,"column":8},"end":{"line":238,"column":9}},{"start":{"line":236,"column":8},"end":{"line":238,"column":9}}],"line":236},"53":{"loc":{"start":{"line":236,"column":12},"end":{"line":236,"column":44}},"type":"binary-expr","locations":[{"start":{"line":236,"column":12},"end":{"line":236,"column":26}},{"start":{"line":236,"column":30},"end":{"line":236,"column":44}}],"line":236},"54":{"loc":{"start":{"line":246,"column":12},"end":{"line":248,"column":13}},"type":"if","locations":[{"start":{"line":246,"column":12},"end":{"line":248,"column":13}},{"start":{"line":246,"column":12},"end":{"line":248,"column":13}}],"line":246},"55":{"loc":{"start":{"line":253,"column":8},"end":{"line":275,"column":9}},"type":"if","locations":[{"start":{"line":253,"column":8},"end":{"line":275,"column":9}},{"start":{"line":253,"column":8},"end":{"line":275,"column":9}}],"line":253},"56":{"loc":{"start":{"line":256,"column":13},"end":{"line":275,"column":9}},"type":"if","locations":[{"start":{"line":256,"column":13},"end":{"line":275,"column":9}},{"start":{"line":256,"column":13},"end":{"line":275,"column":9}}],"line":256},"57":{"loc":{"start":{"line":263,"column":16},"end":{"line":266,"column":17}},"type":"if","locations":[{"start":{"line":263,"column":16},"end":{"line":266,"column":17}},{"start":{"line":263,"column":16},"end":{"line":266,"column":17}}],"line":263},"58":{"loc":{"start":{"line":269,"column":16},"end":{"line":272,"column":17}},"type":"if","locations":[{"start":{"line":269,"column":16},"end":{"line":272,"column":17}},{"start":{"line":269,"column":16},"end":{"line":272,"column":17}}],"line":269},"59":{"loc":{"start":{"line":283,"column":4},"end":{"line":291,"column":5}},"type":"if","locations":[{"start":{"line":283,"column":4},"end":{"line":291,"column":5}},{"start":{"line":283,"column":4},"end":{"line":291,"column":5}}],"line":283},"60":{"loc":{"start":{"line":284,"column":8},"end":{"line":290,"column":9}},"type":"if","locations":[{"start":{"line":284,"column":8},"end":{"line":290,"column":9}},{"start":{"line":284,"column":8},"end":{"line":290,"column":9}}],"line":284},"61":{"loc":{"start":{"line":288,"column":13},"end":{"line":290,"column":9}},"type":"if","locations":[{"start":{"line":288,"column":13},"end":{"line":290,"column":9}},{"start":{"line":288,"column":13},"end":{"line":290,"column":9}}],"line":288}},"s":{"0":1,"1":1,"2":1,"3":1,"4":1,"5":1,"6":53,"7":0,"8":53,"9":2,"10":51,"11":1,"12":50,"13":38,"14":12,"15":1,"16":53,"17":53,"18":53,"19":53,"20":53,"21":53,"22":53,"23":29,"24":1,"25":28,"26":30,"27":1,"28":27,"29":28,"30":70,"31":70,"32":8,"33":8,"34":8,"35":8,"36":8,"37":62,"38":62,"39":28,"40":20,"41":8,"42":19,"43":0,"44":8,"45":1,"46":140,"47":37,"48":103,"49":51,"50":52,"51":30,"52":22,"53":20,"54":2,"55":1,"56":1,"57":1,"58":73,"59":73,"60":1,"61":72,"62":19,"63":53,"64":12,"65":41,"66":19,"67":22,"68":71,"69":1,"70":2,"71":2,"72":1,"73":1,"74":0,"75":1,"76":1,"77":0,"78":0,"79":0,"80":0,"81":0,"82":2,"83":1,"84":37,"85":0,"86":37,"87":31,"88":29,"89":59,"90":5,"91":24,"92":6,"93":6,"94":6,"95":11,"96":1,"97":5,"98":2,"99":22,"100":22,"101":18,"102":37,"103":37,"104":18,"105":19,"106":18,"107":0,"108":4,"109":4,"110":8,"111":8,"112":4,"113":4,"114":4,"115":0,"116":22,"117":0,"118":0,"119":0,"120":0,"121":0,"122":0,"123":0,"124":1,"125":1,"126":2,"127":2,"128":1,"129":1,"130":1,"131":20,"132":0,"133":20,"134":20,"135":20,"136":212231,"137":20,"138":461371,"139":461371,"140":911,"141":20,"142":4,"143":0,"144":4,"145":2,"146":2,"147":2,"148":2,"149":29,"150":29,"151":29,"152":2,"153":82,"154":82,"155":82,"156":2,"157":1,"158":200,"159":200,"160":200,"161":118,"162":35,"163":35,"164":83,"165":82,"166":83,"167":1},"f":{"0":53,"1":29,"2":28,"3":28,"4":140,"5":73,"6":2,"7":37,"8":22,"9":0,"10":1,"11":20,"12":4,"13":200},"b":{"0":[0,53],"1":[2,51],"2":[1,50],"3":[38,12],"4":[38,27],"5":[12,12,12],"6":[1,28],"7":[1,29],"8":[8,62],"9":[8,0],"10":[8,0],"11":[20,8],"12":[0,19],"13":[19,8],"14":[37,103],"15":[140,109],"16":[51,52],"17":[103,99,55],"18":[30,22],"19":[20,2],"20":[1,1],"21":[1,72],"22":[73,73],"23":[19,53],"24":[72,70,55],"25":[12,41],"26":[19,22],"27":[1,1],"28":[0,1],"29":[1,0],"30":[0,0],"31":[0,0],"32":[0,37],"33":[37,6,37,31],"34":[31,6],"35":[37,31],"36":[29,2],"37":[5,54],"38":[6,0],"39":[6,6],"40":[6,0],"41":[1,10],"42":[18,4],"43":[18,19],"44":[0,18],"45":[18,15],"46":[4,0],"47":[4,4],"48":[0,4],"49":[4,3],"50":[0,0],"51":[1,1],"52":[0,20],"53":[20,20],"54":[911,460460],"55":[0,4],"56":[2,2],"57":[29,0],"58":[82,0],"59":[118,82],"60":[35,83],"61":[82,1]},"inputSourceMap":{"version":3,"file":"D:/project_team077/src/controller/Query.ts","sources":["D:/project_team077/src/controller/Query.ts"],"names":[],"mappings":";;;AAAA,qDAQ0B;AAG1B,qCAI4B;AAC5B,qCAAqC;AACrC,qCAAsD;AAEtD,MAAa,KAAK;IACT,KAAK,CAAU;IACf,OAAO,CAAW;IAClB,eAAe,CAAmB;IAEnC,YAAY,CAAC,KAAY,EAAE,CAAM,EAAE,MAAc;QACvD,IAAI,MAAM,CAAC,IAAI,CAAC,CAAC,CAAC,CAAC,MAAM,GAAG,CAAC,EAAE;YAC9B,OAAO,KAAK,CAAC;SACb;QACD,IAAI,CAAC,CAAC,KAAK,KAAK,SAAS,EAAE;YAC1B,OAAO,KAAK,CAAC;SACb;QACD,IAAI,CAAC,CAAC,OAAO,KAAK,SAAS,EAAE;YAC5B,OAAO,KAAK,CAAC;SACb;QACD,IAAI,CAAC,CAAC,eAAe,KAAK,SAAS,EAAC;YACnC,OAAO,aAAa,CAAC,CAAC,CAAC,KAAK,EAAC,MAAM,CAAC,IAAI,gBAAO,CAAC,cAAc,CAAC,CAAC,CAAC,OAAO,EAAC,MAAM,CAAC,CAAC;SACjF;aAAM;YACN,OAAO,aAAa,CAAC,CAAC,CAAC,KAAK,EAAC,MAAM,CAAC,IAAI,gBAAO,CAAC,cAAc,CAAC,CAAC,CAAC,OAAO,EAAC,MAAM,CAAC;gBAChF,wBAAe,CAAC,QAAQ,CAAC,CAAC,CAAC,eAAe,EAAC,MAAM,CAAC,CAAC;SACnD;IAGF,CAAC;CACD;AAxBD,sBAwBC;AAED,MAAa,MAAM;IACX,OAAO,GAAa,EAAE,CAAC;IACvB,IAAI,GAAa,EAAE,CAAC;IACpB,IAAI,CAAU;IACd,GAAG,GAAW,CAAC,CAAC,CAAC;IACjB,GAAG,GAAa,EAAE,CAAC;IACnB,GAAG,GAAW,EAAE,CAAC;IACjB,KAAK,GAAa,EAAE,CAAC;IACrB,KAAK,GAAG,IAAI,GAAG,EAAkB,CAAC;IAElC,MAAM,CAAC,gBAAgB,CAAC,MAAc;QAC5C,IAAI,MAAM,CAAC,IAAI,CAAC,MAAM,KAAK,CAAC,EAAE;YAC7B,OAAO,IAAI,CAAC;SACZ;QACD,KAAK,MAAM,CAAC,IAAI,MAAM,CAAC,IAAI,EAAE;YAC5B,IAAI,MAAM,CAAC,OAAO,CAAC,QAAQ,CAAC,CAAC,CAAC,KAAK,KAAK,EAAE;gBACzC,OAAO,KAAK,CAAC;aACb;SACD;QACD,OAAO,IAAI,CAAC;IACb,CAAC;IAEM,MAAM,CAAC,cAAc,CAAC,MAAc;QAC1C,IAAI,KAAe,CAAC;QACpB,KAAK,MAAM,CAAC,IAAI,MAAM,CAAC,OAAO,EAAE;YAC/B,IAAI,GAAG,GAAW,CAAC,CAAC;YAEpB,IAAI,CAAC,CAAC,CAAC,QAAQ,CAAC,GAAG,CAAC,EAAE;gBACrB,IAAI,MAAM,CAAC,KAAK,CAAC,GAAG,CAAC,CAAC,CAAC,EAAC;oBACvB,IAAI,UAAU,GAAG,MAAM,CAAC,KAAK,CAAC,GAAG,CAAC,CAAC,CAAC,CAAC;oBACrC,IAAI,OAAO,UAAU,KAAK,QAAQ,EAAE;wBACnC,GAAG,GAAG,UAAU,CAAC,KAAK,CAAC,GAAG,CAAC,CAAC,CAAC,CAAC,CAAC;qBAC/B;iBACD;gBACD,MAAM,CAAC,GAAG,CAAC,IAAI,CAAC,GAAG,CAAC,CAAC;aACrB;iBAAM;gBACN,KAAK,GAAG,GAAG,CAAC,KAAK,CAAC,GAAG,CAAC,CAAC;gBACvB,MAAM,CAAC,GAAG,CAAC,IAAI,CAAC,KAAK,CAAC,CAAC,CAAC,CAAC,CAAC;aAC1B;SAED;IACF,CAAC;IAEM,MAAM,CAAC,uBAAuB,CAAC,MAAc;QACnD,IAAI,MAAM,CAAC,KAAK,CAAC,MAAM,KAAK,CAAC,EAAE;YAC9B,OAAO,IAAI,CAAC;SACZ;QACD,KAAK,MAAM,CAAC,IAAI,MAAM,CAAC,OAAO,EAAE;YAC/B,IAAI,CAAC,MAAM,CAAC,KAAK,CAAC,QAAQ,CAAC,CAAC,CAAC,IAAI,CAAC,MAAM,CAAC,KAAK,CAAC,GAAG,CAAC,CAAC,CAAC,EAAC;gBACrD,OAAO,KAAK,CAAC;aACb;SACD;QACD,OAAO,IAAI,CAAC;IACb,CAAC;CACD;AAtDD,wBAsDC;AAID,SAAgB,aAAa,CAAC,MAAW,EAAE,MAAc;IACxD,IAAI,MAAM,CAAC,GAAG,IAAI,MAAM,CAAC,EAAE,EAAE;QAC5B,OAAO,eAAe,CAAC,sBAAsB,CAAC,MAAM,EAAC,MAAM,CAAC,CAAC;KAC7D;SAAM,IAAI,MAAM,CAAC,EAAE,IAAI,MAAM,CAAC,EAAE,IAAI,MAAM,CAAC,EAAE,EAAE;QAC/C,OAAO,oBAAW,CAAC,kBAAkB,CAAC,MAAM,EAAC,MAAM,CAAC,CAAC;KACrD;SAAM,IAAI,MAAM,CAAC,EAAE,EAAE;QACrB,OAAO,oBAAW,CAAC,kBAAkB,CAAC,MAAM,EAAC,MAAM,CAAC,CAAC;KACrD;SAAM,IAAI,MAAM,CAAC,GAAG,EAAE;QACtB,OAAO,iBAAQ,CAAC,eAAe,CAAC,MAAM,EAAC,MAAM,CAAC,CAAC;KAC/C;SAAM,IAAI,MAAM,CAAC,IAAI,CAAC,MAAM,CAAC,CAAC,MAAM,KAAK,CAAC,EAAE;QAC5C,OAAO,mBAAU,CAAC,iBAAiB,CAAC,MAAM,EAAC,MAAM,CAAC,CAAC;KACnD;SAAM;QAEN,OAAO,KAAK,CAAC;KACb;AACF,CAAC;AAfD,sCAeC;AACD,SAAgB,YAAY,CAAC,CAAM,EAAE,MAAc,EAAE,IAA0B,EAAE,KAAa;IAC7F,IAAI,MAAM,GAAoB,EAAE,CAAC;IACjC,IAAI,CAAC,IAAI,MAAM,CAAC,IAAI,CAAC,CAAC,CAAC,CAAC,MAAM,KAAK,CAAC,EAAE;QACrC,MAAM,GAAG,mBAAU,CAAC,gBAAgB,CAAC,CAAC,EAAC,MAAM,EAAC,IAAI,EAAC,KAAK,CAAC,CAAC;KAC1D;SAAM,IAAI,CAAC,CAAC,EAAE,IAAI,CAAC,CAAC,EAAE,IAAI,CAAC,CAAC,EAAE,EAAE;QAChC,MAAM,GAAG,oBAAW,CAAC,iBAAiB,CAAC,CAAC,EAAC,MAAM,EAAC,IAAI,EAAC,KAAK,CAAC,CAAC;KAC5D;SAAM,IAAI,CAAC,CAAC,EAAE,EAAE;QAChB,MAAM,GAAG,oBAAW,CAAC,iBAAiB,CAAC,CAAC,EAAC,MAAM,EAAC,IAAI,EAAC,KAAK,CAAC,CAAC;KAC5D;SAAM,IAAI,CAAC,CAAC,GAAG,EAAE;QACjB,MAA
[...]
mise.reject(new InsightError(\"Rejected with invalid building table in index.htm\"));\r\n\t} else {\r\n\t\treturn tbodyNode;\r\n\t}\r\n}\r\n\r\nfunction validateRoom(room: IRoom) {\r\n\treturn !((room.fullname === null) || (room.shortname === null) || (room.number === null) || (room.name === null)\r\n\t\t|| (room.address === null) || (room.lat === null) || (room.lon === null) || (room.seats === null)\r\n\t\t|| (room.type === null) || (room.furniture === null) || (room.href === null));\r\n}\r\n\r\n// find one  <td> element with a valid class,\r\n\r\nfunction findBuildingTable(root: any): any {\r\n\tlet result;\r\n\t// Base case: If the root is null, return null\r\n\tif (root === null || root === undefined) {\r\n\t\treturn null;\r\n\t}\r\n\r\n\t// Check if the current node is the target node (tbody)\r\n\tif (root.nodeName === \"tbody\") {\r\n\t\treturn root;\r\n\t}\r\n\r\n\t// If the current node has child nodes, recursively search them\r\n\tif (root.childNodes !== null && root.childNodes !== undefined) {\r\n\t\tfor (let child of root.childNodes) {\r\n\t\t\tlet node = findBuildingTable(child); // Recursively search child nodes\r\n\t\t\tif (node !== null && node !== undefined) {\r\n\t\t\t\tresult = node; // Return the first found tbody node\r\n\t\t\t}\r\n\t\t}\r\n\t}\r\n\r\n\t// No tbody node found in children, continue searching\r\n\tif (result !== null && result !== undefined) {\r\n\t\tfor (let child of result.childNodes) {\r\n\t\t\tif (child.nodeName === \"tr\") {\r\n\t\t\t\tfor (let tdNode of child.childNodes) {\r\n\t\t\t\t\t// Check if the child node is a td element and has the required class\r\n\t\t\t\t\tif (tdNode.nodeName === \"td\" && tdNode.attrs && tdNode.attrs[0].value === IMAGE) {\r\n\t\t\t\t\t\treturn result; // Return the parent node (tbody) if td with class IMAGE found\r\n\t\t\t\t\t}\r\n\t\t\t\t}\r\n\t\t\t}\r\n\t\t}\r\n\t}\r\n\r\n\t// If tbody node not found in children, return null\r\n\treturn null;\r\n}\r\n\r\n\r\nfunction findRoomTable(root: any): any {\r\n\tlet result;\r\n\t// Base case: If the root is null, return null\r\n\tif (root === null || root === undefined) {\r\n\t\treturn null;\r\n\t}\r\n\r\n\t// Check if the current node is the target node (tbody)\r\n\tif (root.nodeName === \"tbody\") {\r\n\t\treturn root;\r\n\t}\r\n\r\n\t// If the current node has child nodes, recursively search them\r\n\tif (root.childNodes !== null && root.childNodes !== undefined) {\r\n\t\tfor (let child of root.childNodes) {\r\n\t\t\tlet node = findRoomTable(child); // Recursively search child nodes\r\n\t\t\tif (node !== null && node !== undefined) {\r\n\t\t\t\tresult = node;\r\n\t\t\t\t// console.log(result);// Return the first found tbody node\r\n\t\t\t}\r\n\t\t}\r\n\t}\r\n\r\n\t// No tbody node found in children, continue searching\r\n\tif (result !== null && result !== undefined) {\r\n\t\tfor (let child of result.childNodes) {\r\n\t\t\tif (child.nodeName === \"tr\") {\r\n\t\t\t\tfor (let tdNode of child.childNodes) {\r\n\t\t\t\t\t// Check if the child node is a td element and has the required class\r\n\t\t\t\t\tif (tdNode.nodeName === \"td\" && tdNode.attrs && tdNode.attrs[0].value === NUMBER) {\r\n\t\t\t\t\t\t// console.log(result);\r\n\t\t\t\t\t\treturn result; // Return the parent node (tbody) if td with class IMAGE found\r\n\t\t\t\t\t}\r\n\t\t\t\t}\r\n\t\t\t}\r\n\t\t}\r\n\t}\r\n\treturn null;\r\n}\r\n\r\nfunction getBuildingData(rowNode: any, buildingList: Map<string, IRoom>) {\r\n\tlet building: IRoom = {} as IRoom, filePath;\r\n\t// get data of fullname.shortname.address and href\r\n\tfor (let child of rowNode.childNodes) {\r\n\t\tif (child.nodeName === \"td\") {\r\n\t\t\t// getRoomInfo(child, building);\r\n\t\t\tlet value = child.attrs[0].value;\r\n\r\n\t\t\tswitch (value) {\r\n\t\t\t\tcase SHORTNAME: {\r\n\t\t\t\t\tbuilding.shortname = getText(child);\r\n\t\t\t\t\tbreak;\r\n\t\t\t\t}\r\n\t\t\t\tcase FULLNAME: {\r\n\t\t\t\t\tbuilding.fullname = getfullName(child);\r\n\t\t\t\t\t// filePath = child.childNodes[1].attrs[0].value;\r\n\t\t\t\t\tfilePath = getFilePath(child, building);\r\n\t\t\t\t\tbreak;\r\n\t\t\t\t}\r\n\t\t\t\tcase ADDRESS: {\r\n\t\t\t\t\tbuilding.address = getText(child);\r\n\t\t\t\t\tbreak;\r\n\t\t\t\t}\r\n\t\t\t}\r\n\t\t}\r\n\t}\r\n\t// filePath = getFilePath(child, building);\r\n\tbuildingList.set(filePath, building);\r\n\treturn buildingList;\r\n}\r\n\r\nasync function getRoomData(rowNode: any, building: IRoom) {\r\n\tbuilding = await getGeolocation(building);\r\n\tlet room: IRoom = {...building};\r\n\tfor (let child of rowNode.childNodes) {\r\n\t\tif (child.nodeName === \"td\") {\r\n\t\t\tlet value = child.attrs[0].value;\r\n\r\n\t\t\tswitch (value) {\r\n\t\t\t\tcase FURNITURE: {\r\n\t\t\t\t\troom.furniture = getText(child);\r\n\t\t\t\t\tbreak;\r\n\r\n\t\t\t\t}\r\n\t\t\t\tcase SEATS: {\r\n\t\t\t\t\troom.seats = Number(getText(child));\r\n\t\t\t\t\tbreak;\r\n\t\t\t\t}\r\n\t\t\t\tcase TYPE: {\r\n\t\t\t\t\troom.type = getText(child);\r\n\t\t\t\t\tbreak;\r\n\t\t\t\t}\r\n\t\t\t\tcase NUMBER: {\r\n\t\t\t\t\troom.href = gethref(child);\r\n\t\t\t\t\troom.number = getNumber(child);\r\n\t\t\t\t\troom.name = room.shortname + \"_\" + room.number;\r\n\t\t\t\t}\r\n\t\t\t}\r\n\t\t}\r\n\t}\r\n\treturn Promise.resolve(room);\r\n\t// return room;\r\n\r\n}\r\n\r\n\r\n// node is td\r\nfunction getFilePath(node: any, room: IRoom) {\r\n\tlet filePath;\r\n\tif (node.attrs[0].value === FULLNAME) {\r\n\t\tlet aNode = getaNode(node);\r\n\t\tfilePath = (aNode !== null) ? (aNode.attrs[0].value).substring(2) : \"\";\r\n\t}\r\n\treturn filePath;\r\n}\r\n\r\nfunction getValue(value: string): string {\r\n\treturn value.replace(\"\\n\", \"\").trim();\r\n}\r\n\r\nfunction getaNode(node: any) {\r\n\tfor (let child of node.childNodes) {\r\n\t\tif (child.nodeName === \"a\") {\r\n\t\t\treturn child;\r\n\t\t}\r\n\t}\r\n}\r\n\r\nfunction getText(node: any) {\r\n\tfor (let child of node.childNodes) {\r\n\t\tif (child.nodeName === \"#text\") { // find \"text\" node\r\n\t\t\treturn getValue(child.value);\r\n\t\t}\r\n\t}\r\n\treturn \"\";\r\n}\r\n\r\nfunction getfullName(node: any) {\r\n\tlet aNode = getaNode(node);\r\n\tif (aNode !== null) {\r\n\t\treturn getText(aNode);\r\n\t} else {\r\n\t\treturn \"\";\r\n\t}\r\n}\r\n\r\nfunction gethref(node: any) {\r\n\tlet aNode = getaNode(node);\r\n\tif (aNode !== null) {\r\n\t\treturn aNode.attrs[0].value;\r\n\t} else {\r\n\t\treturn \"\";\r\n\t}\r\n}\r\n\r\nfunction getNumber(node: any) {\r\n\tlet aNode = getaNode(node);\r\n\tif (aNode !== null) {\r\n\t\treturn getText(aNode);\r\n\t} else {\r\n\t\treturn \"\";\r\n\t}\r\n\r\n}\r\n\r\n// get geolocation of room\r\n// Reference:https://nodejs.org/api/http.html#httpgeturl-options-callback\r\nfunction getGeolocation(room: IRoom) {\r\n\tlet address = room.address;\r\n\tlet encodeAddress = encodeURIComponent(address);\r\n\tlet url = \"http://cs310.students.cs.ubc.ca:11316/api/v1/project_team077/\" + encodeAddress;\r\n\treturn new Promise<any>((resolve, reject) => {\r\n\t\thttp.get(url, (res) => {\r\n\t\t\tconst {statusCode} = res;\r\n\t\t\tconst contentType = res.headers[\"content-type\"]!;\r\n\t\t\tlet error;\r\n\t\t\t// Any 2xx status code signals a successful response but\r\n\t\t\t// here we're only checking for 200.\r\n\t\t\tif (statusCode !== 200) {\r\n\t\t\t\terror = new Error(\"Request Failed.\\n\" +\r\n\t\t\t\t\t`Status Code: ${statusCode}`);\r\n\t\t\t} else if (!/^application\\/json/.test(contentType)) {\r\n\t\t\t\terror = new Error(\"Invalid content-type.\\n\" +\r\n\t\t\t\t\t`Expected application/json but received ${contentType}`);\r\n\t\t\t}\r\n\t\t\tif (error) {\r\n\t\t\t\tconsole.error(error.message);\r\n\t\t\t\t// Consume response data to free up memory\r\n\t\t\t\tres.resume();\r\n\t\t\t\treturn;\r\n\t\t\t}\r\n\t\t\t// console.log(res);\r\n\t\t\tres.setEncoding(\"utf8\");\r\n\t\t\tlet rawData = \"\";\r\n\t\t\tres.on(\"data\", (chunk) => {\r\n\t\t\t\trawData += chunk;\r\n\t\t\t});\r\n\t\t\tres.on(\"end\", () => {\r\n\t\t\t\ttry {\r\n\t\t\t\t\tlet parsedData = JSON.parse(rawData);\r\n\t\t\t\t\tif (parsedData.error === undefined) {\r\n\t\t\t\t\t\troom.lat = parsedData.lat.toFixed(2);\r\n\t\t\t\t\t\troom.lon = parsedData.lon.toFixed(2);\r\n\t\t\t\t\t\t// console.log(room);\r\n\t\t\t\t\t\treturn resolve(room);\r\n\t\t\t\t\t}\r\n\t\t\t\t} catch (e) { /* empty */\r\n\t\t\t\t}\r\n\t\t\t});\r\n\t\t}).on(\"error\", (e) => {\r\n\t\t\tconsole.log(`Got error: ${e.message}`);\r\n\t\t});\r\n\t});\r\n}\r\n\r\n\r\nexport {dealwithRoom};\r\n"]},"_coverageSchema":"1a1c01bbd47fc00a2c39e90264f33305004495a9","hash":"3becd1479b0fa0d4a5ffd0d4c7d64605873129b7","contentHash":"1288f192430ca579d3a269cc7f1cf627599f58046689b44fd2d835a22e0ce993"},"D:\\project_team077\\src\\controller\\SectionHelper.ts":{"path":"D:\\project_team077\\src\\controller\\SectionHelper.ts","statementMap":{"0":{"start":{"line":2,"column":0},"end":{"line":2,"column":62}},"1":{"start":{"line":3,"column":0},"end":{"line":3,"column":33}},"2":{"start":{"line":4,"column":25},"end":{"line":4,"column":52}},"3":{"start":{"line":6,"column":21},"end":{"line":6,"column":23}},"4":{"start":{"line":7,"column":4},"end":{"line":7,"column":44}},"5":{"start":{"line":8,"column":4},"end":{"line":8,"column":35}},"6":{"start":{"line":9,"column":4},"end":{"line":9,"column":37}},"7":{"start":{"line":10,"column":4},"end":{"line":10,"column":46}},"8":{"start":{"line":11,"column":4},"end":{"line":11,"column":38}},"9":{"start":{"line":12,"column":4},"end":{"line":12,"column":33}},"10":{"start":{"line":13,"column":4},"end":{"line":13,"column":35}},"11":{"start":{"line":14,"column":4},"end":{"line":14,"column":35}},"12":{"start":{"line":15,"column":4},"end":{"line":15,"column":37}},"13":{"start":{"line":16,"column":4},"end":{"line":21,"column":5}},"14":{"start":{"line":17,"column":8},"end":{"line":17,"column":31}},"15":{"start":{"line":20,"column":8},"end":{"line":20,"column":53}},"16":{"start":{"line":22,"column":4},"end":{"line":22,"column":22}},"17":{"start":{"line":25,"column":20},"end":{"line":25,"column":21}},"18":{"start":{"line":26,"column":4},"end":{"line":28,"column":5}},"19":{"start":{"line":27,"column":8},"end":{"line":27,"column":99}},"20":{"start":{"line":29,"column":19},"end":{"line":29,"column":21}},"21":{"start":{"line":30,"column":4},"end":{"line":32,"column":7}},"22":{"start":{"line":31,"column":8},"end":{"line":31,"column":44}},"23":{"start":{"line":33,"column":24},"end":{"line":33,"column":51}},"24":{"start":{"line":34,"column":4},"end":{"line":48,"column":5}},"25":{"start":{"line":35,"column":8},"end":{"line":47,"column":9}},"26":{"start":{"line":36,"column":27},"end":{"line":36,"column":43}},"27":{"start":{"line":37,"column":12},"end":{"line":43,"column":13}},"28":{"start":{"line":38,"column":16},"end":{"line":42,"column":17}},"29":{"start":{"line":39,"column":20},"end":{"line":39,"column":32}},"30":{"start":{"line":40,"column":37},"end":{"line":40,"column":63}},"31":{"start":{"line":41,"column":20},"end":{"line":41,"column":46}},"32":{"start":{"line":46,"column":12},"end":{"line":46,"column":49}},"33":{"start":{"line":49,"column":4},"end":{"line":51,"column":5}},"34":{"start":{"line":50,"column":8},"end":{"line":50,"column":98}},"35":{"start":{"line":53,"column":0},"end":{"line":53,"column":42}},"36":{"start":{"line":56,"column":4},"end":{"line":63,"column":5}},"37":{"start":{"line":59,"column":8},"end":{"line":59,"column":23}},"38":{"start":{"line":62,"column":8},"end":{"line":62,"column":24}},"39":{"start":{"line":64,"column":4},"end":{"line":64,"column":19}}},"fnMap":{"0":{"name":"toSectionData","decl":{"start":{"line":5,"column":9},"end":{"line":5,"column":22}},"loc":{"start":{"line":5,"column":44},"end":{"line":23,"column":1}},"line":5},"1":{"name":"dealwithSection","decl":{"start":{"line":24,"column":15},"end":{"line":24,"column":30}},"loc":{"start":{"line":24,"column":50},"end":{"line":52,"column":1}},"line":24},"2":{"name":"(anonymous_2)","decl":{"start":{"line":30,"column":35},"end":{"line":30,"column":36}},"loc":{"start":{"line":30,"column":65},"end":{"line":32,"column":5}},"line":30},"3":{"name":"validateSection","decl":{"start":{"line":54,"column":9},"end":{"line":54,"column":24}},"loc":{"start":{"line":54,"column":34},"end":{"line":65,"column":1}},"line":54}},"branchMap":{"0":{"loc":{"start":{"line":16,"column":4},"end":{"line":21,"column":5}},"type":"if","locations":[{"start":{"line":16,"column":4},"end":{"line":21,"column":5}},{"start":{"line":16,"column":4},"end":{"line":21,"column":5}}],"line":16},"1":{"loc":{"start":{"line":26,"column":4},"end":{"line":28,"column":5}},"type":"if","locations":[{"start":{"line":26,"column":4},"end":{"line":28,"column":5}},{"start":{"line":26,"column":4},"end":{"line":28,"column":5}}],"line":26},"2":{"loc":{"start":{"line":38,"column":16},"end":{"line":42,"column":17}},"type":"if","locations":[{"start":{"line":38,"column":16},"end":{"line":42,"column":17}},{"start":{"line":38,"column":16},"end":{"line":42,"column":17}}],"line":38},"3":{"loc":{"start":{"line":49,"column":4},"end":{"line":51,"column":5}},"type":"if","locations":[{"start":{"line":49,"column":4},"end":{"line":51,"column":5}},{"start":{"line":49,"column":4},"end":{"line":51,"column":5}}],"line":49},"4":{"loc":{"start":{"line":56,"column":4},"end":{"line":63,"column":5}},"type":"if","locations":[{"start":{"line":56,"column":4},"end":{"line":63,"column":5}},{"start":{"line":56,"column":4},"end":{"line":63,"column":5}}],"line":56},"5":{"loc":{"start":{"line":56,"column":8},"end":{"line":58,"column":58}},"type":"binary-expr","locations":[{"start":{"line":56,"column":9},"end":{"line":56,"column":31}},{"start":{"line":56,"column":37},"end":{"line":56,"column":58}},{"start":{"line":56,"column":64},"end":{"line":56,"column":89}},{"start":{"line":56,"column":95},"end":{"line":56,"column":118}},{"start":{"line":57,"column":12},"end":{"line":57,"column":32}},{"start":{"line":57,"column":38},"end":{"line":57,"column":57}},{"start":{"line":57,"column":63},"end":{"line":57,"column":83}},{"start":{"line":57,"column":89},"end":{"line":57,"column":109}},{"start":{"line":58,"column":12},"end":{"line":58,"column":33}},{"start":{"line":58,"column":39},"end":{"line":58,"column":57}}],"line":56}},"s":{"0":1,"1":1,"2":1,"3":64702,"4":64702,"5":64702,"6":64702,"7":64702,"8":64702,"9":64702,"10":64702,"11":64702,"12":64702,"13":64702,"14":24666,"15":40036,"16":64702,"17":21,"18":21,"19":0,"20":21,"21":21,"22":6016,"23":21,"24":21,"25":6016,"26":6016,"27":5997,"28":64702,"29":64702,"30":64702,"31":64702,"32":20,"33":21,"34":5,"35":1,"36":64702,"37":64702,"38":0,"39":64702},"f":{"0":64702,"1":21,"2":6016,"3":64702},"b":{"0":[24666,40036],"1":[0,21],"2":[64702,0],"3":[5,16],"4":[64702,0],"5":[64702,64702,64702,64702,64702,64702,64702,64702,64702,64702]},"inputSourceMap":{"version":3,"file":"D:/project_team077/src/controller/SectionHelper.ts","sources":["D:/project_team077/src/controller/SectionHelper.ts"],"names":[],"mappings":";;;AAEA,qDAA8C;AAI9C,SAAS,aAAa,CAAC,UAAkB,EAAE,OAAY;IACtD,IAAI,UAAU,GAAa,EAAc,CAAC;IAC1C,UAAU,CAAC,IAAI,GAAG,OAAO,CAAC,EAAE,CAAC,QAAQ,EAAE,CAAC;IACxC,UAAU,CAAC,EAAE,GAAG,OAAO,CAAC,MAAM,CAAC;IAC/B,UAAU,CAAC,KAAK,GAAG,OAAO,CAAC,KAAK,CAAC;IACjC,UAAU,CAAC,UAAU,GAAG,OAAO,CAAC,SAAS,CAAC;IAC1C,UAAU,CAAC,IAAI,GAAG,OAAO,CAAC,OAAO,CAAC;IAClC,UAAU,CAAC,GAAG,GAAG,OAAO,CAAC,GAAG,CAAC;IAC7B,UAAU,CAAC,IAAI,GAAG,OAAO,CAAC,IAAI,CAAC;IAC/B,UAAU,CAAC,IAAI,GAAG,OAAO,CAAC,IAAI,CAAC;IAC/B,UAAU,CAAC,KAAK,GAAG,OAAO,CAAC,KAAK,CAAC;IACjC,IAAI,OAAO,CAAC,OAAO,KAAK,SAAS,EAAC;QACjC,UAAU,CAAC,IAAI,GAAG,IAAI,CAAC;KACvB;SAAI;QACJ,UAAU,CAAC,IAAI,GAAG,QAAQ,CAAC,OAAO,CAAC,IAAI,EAAE,EAAE,CAAC,CAAC;KAC7C;IACD,OAAO,UAAU,CAAC;AACnB,CAAC;AAED,KAAK,UAAU,eAAe,CAAC,EAAU,EAAC,GAAU,EAAC,QAA8B;IAClF,IAAI,SAAS,GAAG,CAAC,CAAC;IAElB,IAAI,GAAG,CAAC,MAAM,CAAC,SAAS,CAAC,CAAC,MAAM,KAAK,CAAC,EAAE;QACvC,OAAO,OAAO,CAAC,MAAM,CAAC,IAAI,6BAAY,CAAC,gCAAgC,CAAC,CAAC,CAAC;KAC1E;IACD,IAAI,QAAQ,GAA2B,EAAE,CAAC;IAC1C,GAAG,CAAC,MAAM,CAAC,SAAS,CAAC,EAAE,OAAO,CAAC,UAAU,YAAY,EAAE,IAAI;QAC1D,QAAQ,CAAC,IAAI,CAAC,IAAI,CAAC,KAAK,CAAC,QAAQ,CAAC,CAAC,CAAC;IACrC,CAAC,CAAC,CAAC;IACH,MAAM,WAAW,GAAG,MAAM,OAAO,CAAC,GAAG,CAAC,QAAQ,CAAC,CAAC;IAChD,KAAK,IAAI,IAAI,IAAI,WAAW,EAAE;QAC7B,IAAI;YACH,MAAM,MAAM,GAAG,IAAI,CAAC,KAAK,CAAC,IAAI,CAAC,CAAC;YAEhC,KAAK,MAAM,OAAO,IAAI,MAAM,CAAC,MAAM,EAAE;gBACpC,IAAI,eAAe,CAAC,OAAO,CAAC,EAAE;oBAC7B,SAAS,EAAE,CAAC;oBAEZ,IAAI,UAAU,GAAG,aAAa,CAAC,EAAE,EAAE,OAAO,CAAC,CAAC;oBAC3C,QAAuB,CAAC,IAAI,CAAC,UAAU,CAAC,CAAC;iBAC1C;aACD;SACD;QAAC,OAAO,CAAC,EAAE;YACX,OAAO,CAAC,GAAG,CAAC,uBAAuB,CAAC,CAAC;SACrC;KACD;IACD,IAAI,SAAS,KAAK,CAAC,EAAE;QACpB,OAAO,OAAO,CAAC,MAAM,CAAC,IAAI,6BAAY,CAAC,+BAA+B,CAAC,CAAC,CAAC;KACzE;AAEF,CAAC;AAcO,0CAAe;AAZvB,SAAS,eAAe,CAAC,OAAY;IACpC,IAAI,OAAO,CAAC;IACZ,IAAI,CAAC,OAAO,CAAC,MAAM,IAAI,IAAI,CAAC,IAAI,CAAC,OAAO,CAAC,KAAK,IAAI,IAAI,CAAC,IAAI,CAAC,OAAO,CAAC,SAAS,IAAI,IAAI,CAAC,IAAI,CAAC,OAAO,CAAC,OAAO,IAAI,IAAI,CAAC;WAC/G,CAAC,OAAO,CAAC,IAAI,IAAI,IAAI,CAAC,IAAI,CAAC,OAAO,CAAC,GAAG,IAAI,IAAI,CAAC,IAAI,CAAC,OAAO,CAAC,IAAI,IAAI,IAAI,CAAC,IAAI,CAAC,OAAO,CAAC,IAAI,IAAI,IAAI,CAAE;WACpG,CAAC,OAAO,CAAC,KAAK,IAAI,IAAI,CAAC,IAAI,CAAC,OAAO,CAAC,EAAE,IAAI,IAAI,CAAE,EAAE;QACrD,OAAO,GAAG,IAAI,CAAC;KACf;SAAM;QACN,OAAO,GAAG,KAAK,CAAC;KAChB;IACD,OAAO,OAAO,CAAC;AAChB,CAAC","sourcesContent":["import {ISection} from \"./ISection\";\r\nimport JSZip from \"jszip\";\r\nimport {InsightError} from \"./IInsightFacade\";\r\nimport {IRoom} from \"./IRoom\";\r\n\r\n\r\nfunction toSectionData(dataset_id: string, section: any) {\r\n\tlet newSection: ISection = {} as ISection;\r\n\tnewSection.uuid = section.id.toString();\r\n\tnewSection.id = section.Course;\r\n\tnewSection.title = section.Title;\r\n\tnewSection.instructor = section.Professor;\r\n\tnewSection.dept = section.Subject;\r\n\tnewSection.avg = section.Avg;\r\n\tnewSection.pass = section.Pass;\r\n\tnewSection.fail = section.Fail;\r\n\tnewSection.audit = section.Audit;\r\n\tif (section.Section === \"overall\"){\r\n\t\tnewSection.year = 1900;\r\n\t}else{\r\n\t\tnewSection.year = parseInt(section.Year, 10);\r\n\t}\r\n\treturn newSection;\r\n}\r\n\r\nasync function dealwithSection(id: string,zip: JSZip,dataList: ISection[] | IRoom[]){\r\n\tlet numOfRows = 0;\r\n\t// check if root folder is called \"courses\"\r\n\tif (zip.folder(/courses/).length !== 1) {\r\n\t\treturn Promise.reject(new InsightError(\"Rejected with invalid zip file\"));\r\n\t}\r\n\tlet promises: Array<Promise<string>> = [];\r\n\tzip.folder(\"courses\")?.forEach(function (relativePath, file) {\r\n\t\tpromises.push(file.async(\"string\"));\r\n\t});\r\n\tconst fileResults = await Promise.all(promises); // convert all to text file\r\n\tfor (let file of fileResults) {\r\n\t\ttry {\r\n\t\t\tconst course = JSON.parse(file);\r\n\t\t\t// check if exists valid sections among all courses\r\n\t\t\tfor (const section of course.result) {\r\n\t\t\t\tif (validateSection(section)) {\r\n\t\t\t\t\tnumOfRows++;\r\n\t\t\t\t\t// a dataset is valid if it contains at least one valid section,so we can convert JSON data to javascript data\r\n\t\t\t\t\tlet newSection = toSectionData(id, section);\r\n\t\t\t\t\t(dataList as ISection[]).push(newSection);\r\n\t\t\t\t}\r\n\t\t\t}\r\n\t\t} catch (e) {\r\n\t\t\tconsole.log(\"cannot parse the file\");\r\n\t\t}\r\n\t}\r\n\tif (numOfRows === 0) {\r\n\t\treturn Promise.reject(new InsightError(\"Rejected with invalid content\"));\r\n\t}\r\n\r\n}\r\n\r\nfunction validateSection(section: any) {\r\n\tlet isValid;\r\n\tif ((section.Course != null) && (section.Title != null) && (section.Professor != null) && (section.Subject != null)\r\n\t\t&& (section.Year != null) && (section.Avg != null) && (section.Pass != null) && (section.Fail != null )\r\n\t\t&& (section.Audit != null) && (section.id != null )) {\r\n\t\tisValid = true;\r\n\t} else {\r\n\t\tisValid = false;\r\n\t}\r\n\treturn isValid;\r\n}\r\n\r\nexport {dealwithSection};\r\n"]},"_coverageSchema":"1a1c01bbd47fc00a2c39e90264f33305004495a9","hash":"7fc779a090420ad09803ed552bdef7c0a737e6ba","contentHash":"4496d80e5402c934d2b858299c5e59012a8d4b52b6fcc9c6e8bff29e9df54894"}}